[ 2016-06-21T17:27:13+08:00 ] 117.11.216.147 /Home/Info/technologynews.html
INFO: [ app_init ] --START--
INFO: Run Behavior\BuildLiteBehavior [ RunTime:0.000014s ]
INFO: [ app_init ] --END-- [ RunTime:0.000283s ]
INFO: [ app_begin ] --START--
INFO: Run Behavior\ReadHtmlCacheBehavior [ RunTime:0.000433s ]
INFO: [ app_begin ] --END-- [ RunTime:0.000479s ]
SQL: SHOW COLUMNS FROM `zh_config` [ RunTime:0.0007s ]
SQL: SELECT * FROM `zh_config` LIMIT 1   [ RunTime:0.0002s ]
SQL: SHOW COLUMNS FROM `zh_info` [ RunTime:0.0005s ]
SQL: SELECT COUNT(*) AS tp_count FROM `zh_info` WHERE `tid` = 10 LIMIT 1   [ RunTime:0.0003s ]
NOTIC: [2] Missing argument 5 for Common\Extend\Page::__construct(), called in /var/www/html/zhihuishidai/app/Home/Controller/InfoController.class.php on line 154 and defined /var/www/html/zhihuishidai/app/Common/Extend/Page.class.php 第 99 行.
NOTIC: [2] Missing argument 6 for Common\Extend\Page::__construct(), called in /var/www/html/zhihuishidai/app/Home/Controller/InfoController.class.php on line 154 and defined /var/www/html/zhihuishidai/app/Common/Extend/Page.class.php 第 99 行.
NOTIC: [8] Undefined variable: scroll /var/www/html/zhihuishidai/app/Common/Extend/Page.class.php 第 101 行.
NOTIC: [8] Undefined variable: target /var/www/html/zhihuishidai/app/Common/Extend/Page.class.php 第 109 行.
NOTIC: [8] Undefined variable: pagesId /var/www/html/zhihuishidai/app/Common/Extend/Page.class.php 第 111 行.
SQL: SELECT * FROM `zh_info` WHERE `tid` = 10 ORDER BY time desc LIMIT 0,8   [ RunTime:0.0003s ]
INFO: [ view_parse ] --START--
INFO: [ template_filter ] --START--
INFO: Run Behavior\ContentReplaceBehavior [ RunTime:0.000062s ]
INFO: [ template_filter ] --END-- [ RunTime:0.000105s ]
NOTIC: [8] Undefined variable: row /var/www/html/zhihuishidai/app/Runtime/Cache/Home/a194ebe30277464ecb6ea024ffeb798c.php 第 9 行.
NOTIC: [8] Undefined variable: row /var/www/html/zhihuishidai/app/Runtime/Cache/Home/a194ebe30277464ecb6ea024ffeb798c.php 第 10 行.
NOTIC: [8] Undefined variable: row /var/www/html/zhihuishidai/app/Runtime/Cache/Home/a194ebe30277464ecb6ea024ffeb798c.php 第 11 行.
NOTIC: [8] Undefined variable: headerType /var/www/html/zhihuishidai/app/Runtime/Cache/Home/a194ebe30277464ecb6ea024ffeb798c.php 第 29 行.
NOTIC: [8] Use of undefined constant indexindex - assumed 'indexindex' /var/www/html/zhihuishidai/app/Runtime/Cache/Home/a194ebe30277464ecb6ea024ffeb798c.php 第 32 行.
NOTIC: [8] Use of undefined constant infoproductserver - assumed 'infoproductserver' /var/www/html/zhihuishidai/app/Runtime/Cache/Home/a194ebe30277464ecb6ea024ffeb798c.php 第 33 行.
NOTIC: [8] Use of undefined constant infocompanynews - assumed 'infocompanynews' /var/www/html/zhihuishidai/app/Runtime/Cache/Home/a194ebe30277464ecb6ea024ffeb798c.php 第 34 行.
NOTIC: [8] Use of undefined constant infotechnologynews - assumed 'infotechnologynews' /var/www/html/zhihuishidai/app/Runtime/Cache/Home/a194ebe30277464ecb6ea024ffeb798c.php 第 34 行.
NOTIC: [8] Use of undefined constant infocases - assumed 'infocases' /var/www/html/zhihuishidai/app/Runtime/Cache/Home/a194ebe30277464ecb6ea024ffeb798c.php 第 40 行.
NOTIC: [8] Use of undefined constant infoaboutus - assumed 'infoaboutus' /var/www/html/zhihuishidai/app/Runtime/Cache/Home/a194ebe30277464ecb6ea024ffeb798c.php 第 42 行.
INFO: Run Behavior\ParseTemplateBehavior [ RunTime:0.010782s ]
INFO: [ view_parse ] --END-- [ RunTime:0.010822s ]
INFO: [ view_filter ] --START--
INFO: Run Behavior\WriteHtmlCacheBehavior [ RunTime:0.000119s ]
INFO: [ view_filter ] --END-- [ RunTime:0.000149s ]
INFO: [ app_end ] --START--
INFO: Run Behavior\ShowPageTraceBehavior [ RunTime:0.000388s ]
INFO: [ app_end ] --END-- [ RunTime:0.000423s ]

[ 2016-06-21T17:27:13+08:00 ] 117.11.216.147 /Home/Info/technologynews.html
INFO: [ app_init ] --START--
INFO: Run Behavior\BuildLiteBehavior [ RunTime:0.000014s ]
INFO: [ app_init ] --END-- [ RunTime:0.000277s ]
INFO: [ app_begin ] --START--
INFO: Run Behavior\ReadHtmlCacheBehavior [ RunTime:0.000349s ]
INFO: [ app_begin ] --END-- [ RunTime:0.000389s ]
SQL: SHOW COLUMNS FROM `zh_info` [ RunTime:0.0007s ]
SQL: SELECT COUNT(*) AS tp_count FROM `zh_info` WHERE `tid` = 10 LIMIT 1   [ RunTime:0.0003s ]
NOTIC: [2] Missing argument 5 for Common\Extend\Page::__construct(), called in /var/www/html/zhihuishidai/app/Home/Controller/InfoController.class.php on line 154 and defined /var/www/html/zhihuishidai/app/Common/Extend/Page.class.php 第 99 行.
NOTIC: [2] Missing argument 6 for Common\Extend\Page::__construct(), called in /var/www/html/zhihuishidai/app/Home/Controller/InfoController.class.php on line 154 and defined /var/www/html/zhihuishidai/app/Common/Extend/Page.class.php 第 99 行.
NOTIC: [8] Undefined variable: scroll /var/www/html/zhihuishidai/app/Common/Extend/Page.class.php 第 101 行.
NOTIC: [8] Undefined variable: target /var/www/html/zhihuishidai/app/Common/Extend/Page.class.php 第 109 行.
NOTIC: [8] Undefined variable: pagesId /var/www/html/zhihuishidai/app/Common/Extend/Page.class.php 第 111 行.
SQL: SELECT * FROM `zh_info` WHERE `tid` = 10 ORDER BY time desc LIMIT 0,8   [ RunTime:0.0003s ]
INFO: [ view_parse ] --START--
INFO: [ template_filter ] --START--
INFO: Run Behavior\ContentReplaceBehavior [ RunTime:0.000087s ]
INFO: [ template_filter ] --END-- [ RunTime:0.000158s ]
NOTIC: [8] Undefined variable: row /var/www/html/zhihuishidai/app/Runtime/Cache/Home/a194ebe30277464ecb6ea024ffeb798c.php 第 9 行.
NOTIC: [8] Undefined variable: row /var/www/html/zhihuishidai/app/Runtime/Cache/Home/a194ebe30277464ecb6ea024ffeb798c.php 第 10 行.
NOTIC: [8] Undefined variable: row /var/www/html/zhihuishidai/app/Runtime/Cache/Home/a194ebe30277464ecb6ea024ffeb798c.php 第 11 行.
NOTIC: [8] Undefined variable: headerType /var/www/html/zhihuishidai/app/Runtime/Cache/Home/a194ebe30277464ecb6ea024ffeb798c.php 第 29 行.
NOTIC: [8] Use of undefined constant indexindex - assumed 'indexindex' /var/www/html/zhihuishidai/app/Runtime/Cache/Home/a194ebe30277464ecb6ea024ffeb798c.php 第 32 行.
NOTIC: [8] Use of undefined constant infoproductserver - assumed 'infoproductserver' /var/www/html/zhihuishidai/app/Runtime/Cache/Home/a194ebe30277464ecb6ea024ffeb798c.php 第 33 行.
NOTIC: [8] Use of undefined constant infocompanynews - assumed 'infocompanynews' /var/www/html/zhihuishidai/app/Runtime/Cache/Home/a194ebe30277464ecb6ea024ffeb798c.php 第 34 行.
NOTIC: [8] Use of undefined constant infotechnologynews - assumed 'infotechnologynews' /var/www/html/zhihuishidai/app/Runtime/Cache/Home/a194ebe30277464ecb6ea024ffeb798c.php 第 34 行.
NOTIC: [8] Use of undefined constant infocases - assumed 'infocases' /var/www/html/zhihuishidai/app/Runtime/Cache/Home/a194ebe30277464ecb6ea024ffeb798c.php 第 40 行.
NOTIC: [8] Use of undefined constant infoaboutus - assumed 'infoaboutus' /var/www/html/zhihuishidai/app/Runtime/Cache/Home/a194ebe30277464ecb6ea024ffeb798c.php 第 42 行.
INFO: Run Behavior\ParseTemplateBehavior [ RunTime:0.011530s ]
INFO: [ view_parse ] --END-- [ RunTime:0.011568s ]
INFO: [ view_filter ] --START--
INFO: Run Behavior\WriteHtmlCacheBehavior [ RunTime:0.000146s ]
INFO: [ view_filter ] --END-- [ RunTime:0.000202s ]
INFO: [ app_end ] --START--
INFO: Run Behavior\ShowPageTraceBehavior [ RunTime:0.000437s ]
INFO: [ app_end ] --END-- [ RunTime:0.000480s ]

[ 2016-06-21T17:27:13+08:00 ] 117.11.216.147 /Home/Info/technologynews.html
INFO: [ app_init ] --START--
INFO: Run Behavior\BuildLiteBehavior [ RunTime:0.000014s ]
INFO: [ app_init ] --END-- [ RunTime:0.000249s ]
INFO: [ app_begin ] --START--
INFO: Run Behavior\ReadHtmlCacheBehavior [ RunTime:0.000436s ]
INFO: [ app_begin ] --END-- [ RunTime:0.000489s ]
SQL: SHOW COLUMNS FROM `zh_info` [ RunTime:0.0006s ]
SQL: SELECT COUNT(*) AS tp_count FROM `zh_info` WHERE `tid` = 10 LIMIT 1   [ RunTime:0.0002s ]
NOTIC: [2] Missing argument 5 for Common\Extend\Page::__construct(), called in /var/www/html/zhihuishidai/app/Home/Controller/InfoController.class.php on line 154 and defined /var/www/html/zhihuishidai/app/Common/Extend/Page.class.php 第 99 行.
NOTIC: [2] Missing argument 6 for Common\Extend\Page::__construct(), called in /var/www/html/zhihuishidai/app/Home/Controller/InfoController.class.php on line 154 and defined /var/www/html/zhihuishidai/app/Common/Extend/Page.class.php 第 99 行.
NOTIC: [8] Undefined variable: scroll /var/www/html/zhihuishidai/app/Common/Extend/Page.class.php 第 101 行.
NOTIC: [8] Undefined variable: target /var/www/html/zhihuishidai/app/Common/Extend/Page.class.php 第 109 行.
NOTIC: [8] Undefined variable: pagesId /var/www/html/zhihuishidai/app/Common/Extend/Page.class.php 第 111 行.
SQL: SELECT * FROM `zh_info` WHERE `tid` = 10 ORDER BY time desc LIMIT 0,8   [ RunTime:0.0003s ]
INFO: [ view_parse ] --START--
INFO: [ template_filter ] --START--
INFO: Run Behavior\ContentReplaceBehavior [ RunTime:0.000072s ]
INFO: [ template_filter ] --END-- [ RunTime:0.000144s ]
NOTIC: [8] Undefined variable: row /var/www/html/zhihuishidai/app/Runtime/Cache/Home/a194ebe30277464ecb6ea024ffeb798c.php 第 9 行.
NOTIC: [8] Undefined variable: row /var/www/html/zhihuishidai/app/Runtime/Cache/Home/a194ebe30277464ecb6ea024ffeb798c.php 第 10 行.
NOTIC: [8] Undefined variable: row /var/www/html/zhihuishidai/app/Runtime/Cache/Home/a194ebe30277464ecb6ea024ffeb798c.php 第 11 行.
NOTIC: [8] Undefined variable: headerType /var/www/html/zhihuishidai/app/Runtime/Cache/Home/a194ebe30277464ecb6ea024ffeb798c.php 第 29 行.
NOTIC: [8] Use of undefined constant indexindex - assumed 'indexindex' /var/www/html/zhihuishidai/app/Runtime/Cache/Home/a194ebe30277464ecb6ea024ffeb798c.php 第 32 行.
NOTIC: [8] Use of undefined constant infoproductserver - assumed 'infoproductserver' /var/www/html/zhihuishidai/app/Runtime/Cache/Home/a194ebe30277464ecb6ea024ffeb798c.php 第 33 行.
NOTIC: [8] Use of undefined constant infocompanynews - assumed 'infocompanynews' /var/www/html/zhihuishidai/app/Runtime/Cache/Home/a194ebe30277464ecb6ea024ffeb798c.php 第 34 行.
NOTIC: [8] Use of undefined constant infotechnologynews - assumed 'infotechnologynews' /var/www/html/zhihuishidai/app/Runtime/Cache/Home/a194ebe30277464ecb6ea024ffeb798c.php 第 34 行.
NOTIC: [8] Use of undefined constant infocases - assumed 'infocases' /var/www/html/zhihuishidai/app/Runtime/Cache/Home/a194ebe30277464ecb6ea024ffeb798c.php 第 40 行.
NOTIC: [8] Use of undefined constant infoaboutus - assumed 'infoaboutus' /var/www/html/zhihuishidai/app/Runtime/Cache/Home/a194ebe30277464ecb6ea024ffeb798c.php 第 42 行.
INFO: Run Behavior\ParseTemplateBehavior [ RunTime:0.012330s ]
INFO: [ view_parse ] --END-- [ RunTime:0.012399s ]
INFO: [ view_filter ] --START--
INFO: Run Behavior\WriteHtmlCacheBehavior [ RunTime:0.000171s ]
INFO: [ view_filter ] --END-- [ RunTime:0.000218s ]
INFO: [ app_end ] --START--
INFO: Run Behavior\ShowPageTraceBehavior [ RunTime:0.000559s ]
INFO: [ app_end ] --END-- [ RunTime:0.000628s ]

[ 2016-06-21T17:27:14+08:00 ] 117.11.216.147 /Home/Info/productServer.html
INFO: [ app_init ] --START--
INFO: Run Behavior\BuildLiteBehavior [ RunTime:0.000013s ]
INFO: [ app_init ] --END-- [ RunTime:0.000245s ]
INFO: [ app_begin ] --START--
INFO: Run Behavior\ReadHtmlCacheBehavior [ RunTime:0.000335s ]
INFO: [ app_begin ] --END-- [ RunTime:0.000374s ]
SQL: SHOW COLUMNS FROM `zh_info` [ RunTime:0.0008s ]
SQL: SELECT * FROM `zh_info` WHERE `tid` = 22 ORDER BY time desc LIMIT 1   [ RunTime:0.0004s ]
SQL: SELECT * FROM `zh_info` WHERE `tid` = 23 ORDER BY time desc LIMIT 1   [ RunTime:0.0002s ]
SQL: SELECT * FROM `zh_info` WHERE `tid` = 24 ORDER BY time desc LIMIT 1   [ RunTime:0.0003s ]
SQL: SHOW COLUMNS FROM `zh_focus` [ RunTime:0.0004s ]
SQL: SELECT * FROM `zh_focus` WHERE `tid` = 26 ORDER BY sort asc,id desc LIMIT 4   [ RunTime:0.0002s ]
SQL: SELECT * FROM `zh_focus` WHERE `tid` = 27 ORDER BY sort asc,id desc LIMIT 4   [ RunTime:0.0002s ]
SQL: SELECT * FROM `zh_focus` WHERE `tid` = 30 ORDER BY sort asc,id desc LIMIT 4   [ RunTime:0.0002s ]
SQL: SELECT * FROM `zh_focus` WHERE `tid` = 31 ORDER BY sort asc,id desc LIMIT 4   [ RunTime:0.0002s ]
SQL: SELECT * FROM `zh_focus` WHERE `tid` = 32 ORDER BY sort asc,id desc LIMIT 4   [ RunTime:0.0003s ]
SQL: SELECT * FROM `zh_focus` WHERE `tid` = 33 ORDER BY sort asc,id desc LIMIT 4   [ RunTime:0.0002s ]
ERR: 模板不存在:./app/Home/View/Info/productServer.html

[ 2016-06-21T17:27:15+08:00 ] 117.11.216.147 /Home/Info/productServer.html
INFO: [ app_init ] --START--
INFO: Run Behavior\BuildLiteBehavior [ RunTime:0.000016s ]
INFO: [ app_init ] --END-- [ RunTime:0.000254s ]
INFO: [ app_begin ] --START--
INFO: Run Behavior\ReadHtmlCacheBehavior [ RunTime:0.000383s ]
INFO: [ app_begin ] --END-- [ RunTime:0.000432s ]
SQL: SHOW COLUMNS FROM `zh_info` [ RunTime:0.0008s ]
SQL: SELECT * FROM `zh_info` WHERE `tid` = 22 ORDER BY time desc LIMIT 1   [ RunTime:0.0003s ]
SQL: SELECT * FROM `zh_info` WHERE `tid` = 23 ORDER BY time desc LIMIT 1   [ RunTime:0.0003s ]
SQL: SELECT * FROM `zh_info` WHERE `tid` = 24 ORDER BY time desc LIMIT 1   [ RunTime:0.0003s ]
SQL: SHOW COLUMNS FROM `zh_focus` [ RunTime:0.0007s ]
SQL: SELECT * FROM `zh_focus` WHERE `tid` = 26 ORDER BY sort asc,id desc LIMIT 4   [ RunTime:0.0002s ]
SQL: SELECT * FROM `zh_focus` WHERE `tid` = 27 ORDER BY sort asc,id desc LIMIT 4   [ RunTime:0.0002s ]
SQL: SELECT * FROM `zh_focus` WHERE `tid` = 30 ORDER BY sort asc,id desc LIMIT 4   [ RunTime:0.0002s ]
SQL: SELECT * FROM `zh_focus` WHERE `tid` = 31 ORDER BY sort asc,id desc LIMIT 4   [ RunTime:0.0002s ]
SQL: SELECT * FROM `zh_focus` WHERE `tid` = 32 ORDER BY sort asc,id desc LIMIT 4   [ RunTime:0.0002s ]
SQL: SELECT * FROM `zh_focus` WHERE `tid` = 33 ORDER BY sort asc,id desc LIMIT 4   [ RunTime:0.0002s ]
ERR: 模板不存在:./app/Home/View/Info/productServer.html

[ 2016-06-21T17:27:15+08:00 ] 117.11.216.147 /Home/Info/productServer.html
INFO: [ app_init ] --START--
INFO: Run Behavior\BuildLiteBehavior [ RunTime:0.000014s ]
INFO: [ app_init ] --END-- [ RunTime:0.000257s ]
INFO: [ app_begin ] --START--
INFO: Run Behavior\ReadHtmlCacheBehavior [ RunTime:0.000327s ]
INFO: [ app_begin ] --END-- [ RunTime:0.000384s ]
SQL: SHOW COLUMNS FROM `zh_info` [ RunTime:0.0008s ]
SQL: SELECT * FROM `zh_info` WHERE `tid` = 22 ORDER BY time desc LIMIT 1   [ RunTime:0.0003s ]
SQL: SELECT * FROM `zh_info` WHERE `tid` = 23 ORDER BY time desc LIMIT 1   [ RunTime:0.0003s ]
SQL: SELECT * FROM `zh_info` WHERE `tid` = 24 ORDER BY time desc LIMIT 1   [ RunTime:0.0003s ]
SQL: SHOW COLUMNS FROM `zh_focus` [ RunTime:0.0005s ]
SQL: SELECT * FROM `zh_focus` WHERE `tid` = 26 ORDER BY sort asc,id desc LIMIT 4   [ RunTime:0.0002s ]
SQL: SELECT * FROM `zh_focus` WHERE `tid` = 27 ORDER BY sort asc,id desc LIMIT 4   [ RunTime:0.0002s ]
SQL: SELECT * FROM `zh_focus` WHERE `tid` = 30 ORDER BY sort asc,id desc LIMIT 4   [ RunTime:0.0002s ]
SQL: SELECT * FROM `zh_focus` WHERE `tid` = 31 ORDER BY sort asc,id desc LIMIT 4   [ RunTime:0.0002s ]
SQL: SELECT * FROM `zh_focus` WHERE `tid` = 32 ORDER BY sort asc,id desc LIMIT 4   [ RunTime:0.0002s ]
SQL: SELECT * FROM `zh_focus` WHERE `tid` = 33 ORDER BY sort asc,id desc LIMIT 4   [ RunTime:0.0002s ]
ERR: 模板不存在:./app/Home/View/Info/productServer.html

[ 2016-06-21T17:27:15+08:00 ] 117.11.216.147 /Home/Info/productServer.html
INFO: [ app_init ] --START--
INFO: Run Behavior\BuildLiteBehavior [ RunTime:0.000014s ]
INFO: [ app_init ] --END-- [ RunTime:0.000246s ]
INFO: [ app_begin ] --START--
INFO: Run Behavior\ReadHtmlCacheBehavior [ RunTime:0.000342s ]
INFO: [ app_begin ] --END-- [ RunTime:0.000382s ]
SQL: SHOW COLUMNS FROM `zh_info` [ RunTime:0.0007s ]
SQL: SELECT * FROM `zh_info` WHERE `tid` = 22 ORDER BY time desc LIMIT 1   [ RunTime:0.0003s ]
SQL: SELECT * FROM `zh_info` WHERE `tid` = 23 ORDER BY time desc LIMIT 1   [ RunTime:0.0002s ]
SQL: SELECT * FROM `zh_info` WHERE `tid` = 24 ORDER BY time desc LIMIT 1   [ RunTime:0.0002s ]
SQL: SHOW COLUMNS FROM `zh_focus` [ RunTime:0.0007s ]
SQL: SELECT * FROM `zh_focus` WHERE `tid` = 26 ORDER BY sort asc,id desc LIMIT 4   [ RunTime:0.0002s ]
SQL: SELECT * FROM `zh_focus` WHERE `tid` = 27 ORDER BY sort asc,id desc LIMIT 4   [ RunTime:0.0002s ]
SQL: SELECT * FROM `zh_focus` WHERE `tid` = 30 ORDER BY sort asc,id desc LIMIT 4   [ RunTime:0.0002s ]
SQL: SELECT * FROM `zh_focus` WHERE `tid` = 31 ORDER BY sort asc,id desc LIMIT 4   [ RunTime:0.0002s ]
SQL: SELECT * FROM `zh_focus` WHERE `tid` = 32 ORDER BY sort asc,id desc LIMIT 4   [ RunTime:0.0001s ]
SQL: SELECT * FROM `zh_focus` WHERE `tid` = 33 ORDER BY sort asc,id desc LIMIT 4   [ RunTime:0.0002s ]
ERR: 模板不存在:./app/Home/View/Info/productServer.html

[ 2016-06-21T17:27:15+08:00 ] 117.11.216.147 /Home/Info/productServer.html
INFO: [ app_init ] --START--
INFO: Run Behavior\BuildLiteBehavior [ RunTime:0.000023s ]
INFO: [ app_init ] --END-- [ RunTime:0.000409s ]
INFO: [ app_begin ] --START--
INFO: Run Behavior\ReadHtmlCacheBehavior [ RunTime:0.000348s ]
INFO: [ app_begin ] --END-- [ RunTime:0.000390s ]
SQL: SHOW COLUMNS FROM `zh_info` [ RunTime:0.0007s ]
SQL: SELECT * FROM `zh_info` WHERE `tid` = 22 ORDER BY time desc LIMIT 1   [ RunTime:0.0003s ]
SQL: SELECT * FROM `zh_info` WHERE `tid` = 23 ORDER BY time desc LIMIT 1   [ RunTime:0.0002s ]
SQL: SELECT * FROM `zh_info` WHERE `tid` = 24 ORDER BY time desc LIMIT 1   [ RunTime:0.0003s ]
SQL: SHOW COLUMNS FROM `zh_focus` [ RunTime:0.0004s ]
SQL: SELECT * FROM `zh_focus` WHERE `tid` = 26 ORDER BY sort asc,id desc LIMIT 4   [ RunTime:0.0002s ]
SQL: SELECT * FROM `zh_focus` WHERE `tid` = 27 ORDER BY sort asc,id desc LIMIT 4   [ RunTime:0.0002s ]
SQL: SELECT * FROM `zh_focus` WHERE `tid` = 30 ORDER BY sort asc,id desc LIMIT 4   [ RunTime:0.0002s ]
SQL: SELECT * FROM `zh_focus` WHERE `tid` = 31 ORDER BY sort asc,id desc LIMIT 4   [ RunTime:0.0002s ]
SQL: SELECT * FROM `zh_focus` WHERE `tid` = 32 ORDER BY sort asc,id desc LIMIT 4   [ RunTime:0.0002s ]
SQL: SELECT * FROM `zh_focus` WHERE `tid` = 33 ORDER BY sort asc,id desc LIMIT 4   [ RunTime:0.0002s ]
ERR: 模板不存在:./app/Home/View/Info/productServer.html

[ 2016-06-21T17:27:17+08:00 ] 117.11.216.147 /Home/Index/index.html
INFO: [ app_init ] --START--
INFO: Run Behavior\BuildLiteBehavior [ RunTime:0.000019s ]
INFO: [ app_init ] --END-- [ RunTime:0.000377s ]
INFO: [ app_begin ] --START--
INFO: Run Behavior\ReadHtmlCacheBehavior [ RunTime:0.000459s ]
INFO: [ app_begin ] --END-- [ RunTime:0.000509s ]
SQL: SHOW COLUMNS FROM `zh_info` [ RunTime:0.0009s ]
SQL: SHOW COLUMNS FROM `zh_focus` [ RunTime:0.0006s ]
SQL: SELECT * FROM `zh_focus` WHERE `tid` = 5 ORDER BY sort desc LIMIT 5   [ RunTime:0.0003s ]
SQL: SELECT * FROM `zh_info` WHERE `tid` = 12 ORDER BY sort asc,time desc LIMIT 3   [ RunTime:0.0003s ]
SQL: SELECT * FROM `zh_info` WHERE `tid` = 13 ORDER BY sort asc,time desc LIMIT 4   [ RunTime:0.0013s ]
SQL: SELECT * FROM `zh_info` WHERE `tid` = 18 ORDER BY sort asc LIMIT 12   [ RunTime:0.0003s ]
INFO: [ view_parse ] --START--
INFO: [ template_filter ] --START--
INFO: Run Behavior\ContentReplaceBehavior [ RunTime:0.000081s ]
INFO: [ template_filter ] --END-- [ RunTime:0.000133s ]
NOTIC: [8] Undefined variable: row /var/www/html/zhihuishidai/app/Runtime/Cache/Home/2bc71d220ff77e6b12bf354b9e8a67ea.php 第 9 行.
NOTIC: [8] Undefined variable: row /var/www/html/zhihuishidai/app/Runtime/Cache/Home/2bc71d220ff77e6b12bf354b9e8a67ea.php 第 10 行.
NOTIC: [8] Undefined variable: row /var/www/html/zhihuishidai/app/Runtime/Cache/Home/2bc71d220ff77e6b12bf354b9e8a67ea.php 第 11 行.
NOTIC: [8] Undefined variable: headerType /var/www/html/zhihuishidai/app/Runtime/Cache/Home/2bc71d220ff77e6b12bf354b9e8a67ea.php 第 29 行.
NOTIC: [8] Use of undefined constant indexindex - assumed 'indexindex' /var/www/html/zhihuishidai/app/Runtime/Cache/Home/2bc71d220ff77e6b12bf354b9e8a67ea.php 第 32 行.
NOTIC: [8] Use of undefined constant infoproductserver - assumed 'infoproductserver' /var/www/html/zhihuishidai/app/Runtime/Cache/Home/2bc71d220ff77e6b12bf354b9e8a67ea.php 第 33 行.
NOTIC: [8] Use of undefined constant infocompanynews - assumed 'infocompanynews' /var/www/html/zhihuishidai/app/Runtime/Cache/Home/2bc71d220ff77e6b12bf354b9e8a67ea.php 第 34 行.
NOTIC: [8] Use of undefined constant infotechnologynews - assumed 'infotechnologynews' /var/www/html/zhihuishidai/app/Runtime/Cache/Home/2bc71d220ff77e6b12bf354b9e8a67ea.php 第 34 行.
NOTIC: [8] Use of undefined constant infocases - assumed 'infocases' /var/www/html/zhihuishidai/app/Runtime/Cache/Home/2bc71d220ff77e6b12bf354b9e8a67ea.php 第 40 行.
NOTIC: [8] Use of undefined constant infoaboutus - assumed 'infoaboutus' /var/www/html/zhihuishidai/app/Runtime/Cache/Home/2bc71d220ff77e6b12bf354b9e8a67ea.php 第 42 行.
INFO: Run Behavior\ParseTemplateBehavior [ RunTime:0.013733s ]
INFO: [ view_parse ] --END-- [ RunTime:0.013775s ]
INFO: [ view_filter ] --START--
INFO: Run Behavior\WriteHtmlCacheBehavior [ RunTime:0.000139s ]
INFO: [ view_filter ] --END-- [ RunTime:0.000173s ]
INFO: [ app_end ] --START--
INFO: Run Behavior\ShowPageTraceBehavior [ RunTime:0.000428s ]
INFO: [ app_end ] --END-- [ RunTime:0.000470s ]

[ 2016-06-21T17:27:18+08:00 ] 117.11.216.147 /Home/Index/index.html
INFO: [ app_init ] --START--
INFO: Run Behavior\BuildLiteBehavior [ RunTime:0.000014s ]
INFO: [ app_init ] --END-- [ RunTime:0.000251s ]
INFO: [ app_begin ] --START--
INFO: Run Behavior\ReadHtmlCacheBehavior [ RunTime:0.000320s ]
INFO: [ app_begin ] --END-- [ RunTime:0.000360s ]
SQL: SHOW COLUMNS FROM `zh_info` [ RunTime:0.0007s ]
SQL: SHOW COLUMNS FROM `zh_focus` [ RunTime:0.0005s ]
SQL: SELECT * FROM `zh_focus` WHERE `tid` = 5 ORDER BY sort desc LIMIT 5   [ RunTime:0.0003s ]
SQL: SELECT * FROM `zh_info` WHERE `tid` = 12 ORDER BY sort asc,time desc LIMIT 3   [ RunTime:0.0003s ]
SQL: SELECT * FROM `zh_info` WHERE `tid` = 13 ORDER BY sort asc,time desc LIMIT 4   [ RunTime:0.0010s ]
SQL: SELECT * FROM `zh_info` WHERE `tid` = 18 ORDER BY sort asc LIMIT 12   [ RunTime:0.0002s ]
INFO: [ view_parse ] --START--
INFO: [ template_filter ] --START--
INFO: Run Behavior\ContentReplaceBehavior [ RunTime:0.000107s ]
INFO: [ template_filter ] --END-- [ RunTime:0.000172s ]
NOTIC: [8] Undefined variable: row /var/www/html/zhihuishidai/app/Runtime/Cache/Home/2bc71d220ff77e6b12bf354b9e8a67ea.php 第 9 行.
NOTIC: [8] Undefined variable: row /var/www/html/zhihuishidai/app/Runtime/Cache/Home/2bc71d220ff77e6b12bf354b9e8a67ea.php 第 10 行.
NOTIC: [8] Undefined variable: row /var/www/html/zhihuishidai/app/Runtime/Cache/Home/2bc71d220ff77e6b12bf354b9e8a67ea.php 第 11 行.
NOTIC: [8] Undefined variable: headerType /var/www/html/zhihuishidai/app/Runtime/Cache/Home/2bc71d220ff77e6b12bf354b9e8a67ea.php 第 29 行.
NOTIC: [8] Use of undefined constant indexindex - assumed 'indexindex' /var/www/html/zhihuishidai/app/Runtime/Cache/Home/2bc71d220ff77e6b12bf354b9e8a67ea.php 第 32 行.
NOTIC: [8] Use of undefined constant infoproductserver - assumed 'infoproductserver' /var/www/html/zhihuishidai/app/Runtime/Cache/Home/2bc71d220ff77e6b12bf354b9e8a67ea.php 第 33 行.
NOTIC: [8] Use of undefined constant infocompanynews - assumed 'infocompanynews' /var/www/html/zhihuishidai/app/Runtime/Cache/Home/2bc71d220ff77e6b12bf354b9e8a67ea.php 第 34 行.
NOTIC: [8] Use of undefined constant infotechnologynews - assumed 'infotechnologynews' /var/www/html/zhihuishidai/app/Runtime/Cache/Home/2bc71d220ff77e6b12bf354b9e8a67ea.php 第 34 行.
NOTIC: [8] Use of undefined constant infocases - assumed 'infocases' /var/www/html/zhihuishidai/app/Runtime/Cache/Home/2bc71d220ff77e6b12bf354b9e8a67ea.php 第 40 行.
NOTIC: [8] Use of undefined constant infoaboutus - assumed 'infoaboutus' /var/www/html/zhihuishidai/app/Runtime/Cache/Home/2bc71d220ff77e6b12bf354b9e8a67ea.php 第 42 行.
INFO: Run Behavior\ParseTemplateBehavior [ RunTime:0.016147s ]
INFO: [ view_parse ] --END-- [ RunTime:0.016197s ]
INFO: [ view_filter ] --START--
INFO: Run Behavior\WriteHtmlCacheBehavior [ RunTime:0.000186s ]
INFO: [ view_filter ] --END-- [ RunTime:0.000218s ]
INFO: [ app_end ] --START--
INFO: Run Behavior\ShowPageTraceBehavior [ RunTime:0.000595s ]
INFO: [ app_end ] --END-- [ RunTime:0.000656s ]

[ 2016-06-21T17:27:18+08:00 ] 117.11.216.147 /Home/Index/index.html
INFO: [ app_init ] --START--
INFO: Run Behavior\BuildLiteBehavior [ RunTime:0.000021s ]
INFO: [ app_init ] --END-- [ RunTime:0.000435s ]
INFO: [ app_begin ] --START--
INFO: Run Behavior\ReadHtmlCacheBehavior [ RunTime:0.000408s ]
INFO: [ app_begin ] --END-- [ RunTime:0.000460s ]
SQL: SHOW COLUMNS FROM `zh_info` [ RunTime:0.0007s ]
SQL: SHOW COLUMNS FROM `zh_focus` [ RunTime:0.0003s ]
SQL: SELECT * FROM `zh_focus` WHERE `tid` = 5 ORDER BY sort desc LIMIT 5   [ RunTime:0.0002s ]
SQL: SELECT * FROM `zh_info` WHERE `tid` = 12 ORDER BY sort asc,time desc LIMIT 3   [ RunTime:0.0002s ]
SQL: SELECT * FROM `zh_info` WHERE `tid` = 13 ORDER BY sort asc,time desc LIMIT 4   [ RunTime:0.0002s ]
SQL: SELECT * FROM `zh_info` WHERE `tid` = 18 ORDER BY sort asc LIMIT 12   [ RunTime:0.0002s ]
INFO: [ view_parse ] --START--
INFO: [ template_filter ] --START--
INFO: Run Behavior\ContentReplaceBehavior [ RunTime:0.000096s ]
INFO: [ template_filter ] --END-- [ RunTime:0.000166s ]
NOTIC: [8] Undefined variable: row /var/www/html/zhihuishidai/app/Runtime/Cache/Home/2bc71d220ff77e6b12bf354b9e8a67ea.php 第 9 行.
NOTIC: [8] Undefined variable: row /var/www/html/zhihuishidai/app/Runtime/Cache/Home/2bc71d220ff77e6b12bf354b9e8a67ea.php 第 10 行.
NOTIC: [8] Undefined variable: row /var/www/html/zhihuishidai/app/Runtime/Cache/Home/2bc71d220ff77e6b12bf354b9e8a67ea.php 第 11 行.
NOTIC: [8] Undefined variable: headerType /var/www/html/zhihuishidai/app/Runtime/Cache/Home/2bc71d220ff77e6b12bf354b9e8a67ea.php 第 29 行.
NOTIC: [8] Use of undefined constant indexindex - assumed 'indexindex' /var/www/html/zhihuishidai/app/Runtime/Cache/Home/2bc71d220ff77e6b12bf354b9e8a67ea.php 第 32 行.
NOTIC: [8] Use of undefined constant infoproductserver - assumed 'infoproductserver' /var/www/html/zhihuishidai/app/Runtime/Cache/Home/2bc71d220ff77e6b12bf354b9e8a67ea.php 第 33 行.
NOTIC: [8] Use of undefined constant infocompanynews - assumed 'infocompanynews' /var/www/html/zhihuishidai/app/Runtime/Cache/Home/2bc71d220ff77e6b12bf354b9e8a67ea.php 第 34 行.
NOTIC: [8] Use of undefined constant infotechnologynews - assumed 'infotechnologynews' /var/www/html/zhihuishidai/app/Runtime/Cache/Home/2bc71d220ff77e6b12bf354b9e8a67ea.php 第 34 行.
NOTIC: [8] Use of undefined constant infocases - assumed 'infocases' /var/www/html/zhihuishidai/app/Runtime/Cache/Home/2bc71d220ff77e6b12bf354b9e8a67ea.php 第 40 行.
NOTIC: [8] Use of undefined constant infoaboutus - assumed 'infoaboutus' /var/www/html/zhihuishidai/app/Runtime/Cache/Home/2bc71d220ff77e6b12bf354b9e8a67ea.php 第 42 行.
INFO: Run Behavior\ParseTemplateBehavior [ RunTime:0.015656s ]
INFO: [ view_parse ] --END-- [ RunTime:0.015698s ]
INFO: [ view_filter ] --START--
INFO: Run Behavior\WriteHtmlCacheBehavior [ RunTime:0.000149s ]
INFO: [ view_filter ] --END-- [ RunTime:0.000180s ]
INFO: [ app_end ] --START--
INFO: Run Behavior\ShowPageTraceBehavior [ RunTime:0.000447s ]
INFO: [ app_end ] --END-- [ RunTime:0.000526s ]

[ 2016-06-21T17:27:18+08:00 ] 117.11.216.147 /Home/Info/cases.html
INFO: [ app_init ] --START--
INFO: Run Behavior\BuildLiteBehavior [ RunTime:0.000021s ]
INFO: [ app_init ] --END-- [ RunTime:0.000419s ]
INFO: [ app_begin ] --START--
INFO: Run Behavior\ReadHtmlCacheBehavior [ RunTime:0.000365s ]
INFO: [ app_begin ] --END-- [ RunTime:0.000406s ]
SQL: SHOW COLUMNS FROM `zh_info` [ RunTime:0.0008s ]
SQL: SELECT COUNT(*) AS tp_count FROM `zh_info` WHERE `tid` = 25 LIMIT 1   [ RunTime:0.0003s ]
NOTIC: [2] Missing argument 5 for Common\Extend\Page::__construct(), called in /var/www/html/zhihuishidai/app/Home/Controller/InfoController.class.php on line 111 and defined /var/www/html/zhihuishidai/app/Common/Extend/Page.class.php 第 99 行.
NOTIC: [2] Missing argument 6 for Common\Extend\Page::__construct(), called in /var/www/html/zhihuishidai/app/Home/Controller/InfoController.class.php on line 111 and defined /var/www/html/zhihuishidai/app/Common/Extend/Page.class.php 第 99 行.
NOTIC: [8] Undefined variable: scroll /var/www/html/zhihuishidai/app/Common/Extend/Page.class.php 第 101 行.
NOTIC: [8] Undefined variable: target /var/www/html/zhihuishidai/app/Common/Extend/Page.class.php 第 109 行.
NOTIC: [8] Undefined variable: pagesId /var/www/html/zhihuishidai/app/Common/Extend/Page.class.php 第 111 行.
SQL: SELECT `id`,`title`,`img`,`desc` FROM `zh_info` WHERE `tid` = 25 ORDER BY time desc LIMIT 0,4   [ RunTime:0.0002s ]
INFO: [ view_parse ] --START--
INFO: [ template_filter ] --START--
INFO: Run Behavior\ContentReplaceBehavior [ RunTime:0.000092s ]
INFO: [ template_filter ] --END-- [ RunTime:0.000181s ]
NOTIC: [8] Undefined variable: row /var/www/html/zhihuishidai/app/Runtime/Cache/Home/7419a84a924bdf9ca4142a5efc04e6b7.php 第 9 行.
NOTIC: [8] Undefined variable: row /var/www/html/zhihuishidai/app/Runtime/Cache/Home/7419a84a924bdf9ca4142a5efc04e6b7.php 第 10 行.
NOTIC: [8] Undefined variable: row /var/www/html/zhihuishidai/app/Runtime/Cache/Home/7419a84a924bdf9ca4142a5efc04e6b7.php 第 11 行.
NOTIC: [8] Undefined variable: headerType /var/www/html/zhihuishidai/app/Runtime/Cache/Home/7419a84a924bdf9ca4142a5efc04e6b7.php 第 29 行.
NOTIC: [8] Use of undefined constant indexindex - assumed 'indexindex' /var/www/html/zhihuishidai/app/Runtime/Cache/Home/7419a84a924bdf9ca4142a5efc04e6b7.php 第 32 行.
NOTIC: [8] Use of undefined constant infoproductserver - assumed 'infoproductserver' /var/www/html/zhihuishidai/app/Runtime/Cache/Home/7419a84a924bdf9ca4142a5efc04e6b7.php 第 33 行.
NOTIC: [8] Use of undefined constant infocompanynews - assumed 'infocompanynews' /var/www/html/zhihuishidai/app/Runtime/Cache/Home/7419a84a924bdf9ca4142a5efc04e6b7.php 第 34 行.
NOTIC: [8] Use of undefined constant infotechnologynews - assumed 'infotechnologynews' /var/www/html/zhihuishidai/app/Runtime/Cache/Home/7419a84a924bdf9ca4142a5efc04e6b7.php 第 34 行.
NOTIC: [8] Use of undefined constant infocases - assumed 'infocases' /var/www/html/zhihuishidai/app/Runtime/Cache/Home/7419a84a924bdf9ca4142a5efc04e6b7.php 第 40 行.
NOTIC: [8] Use of undefined constant infoaboutus - assumed 'infoaboutus' /var/www/html/zhihuishidai/app/Runtime/Cache/Home/7419a84a924bdf9ca4142a5efc04e6b7.php 第 42 行.
INFO: Run Behavior\ParseTemplateBehavior [ RunTime:0.012526s ]
INFO: [ view_parse ] --END-- [ RunTime:0.012578s ]
INFO: [ view_filter ] --START--
INFO: Run Behavior\WriteHtmlCacheBehavior [ RunTime:0.000147s ]
INFO: [ view_filter ] --END-- [ RunTime:0.000177s ]
INFO: [ app_end ] --START--
INFO: Run Behavior\ShowPageTraceBehavior [ RunTime:0.000398s ]
INFO: [ app_end ] --END-- [ RunTime:0.000439s ]

[ 2016-06-21T17:27:19+08:00 ] 117.11.216.147 /Home/Info/cases.html
INFO: [ app_init ] --START--
INFO: Run Behavior\BuildLiteBehavior [ RunTime:0.000021s ]
INFO: [ app_init ] --END-- [ RunTime:0.000356s ]
INFO: [ app_begin ] --START--
INFO: Run Behavior\ReadHtmlCacheBehavior [ RunTime:0.000386s ]
INFO: [ app_begin ] --END-- [ RunTime:0.000434s ]
SQL: SHOW COLUMNS FROM `zh_info` [ RunTime:0.0007s ]
SQL: SELECT COUNT(*) AS tp_count FROM `zh_info` WHERE `tid` = 25 LIMIT 1   [ RunTime:0.0003s ]
NOTIC: [2] Missing argument 5 for Common\Extend\Page::__construct(), called in /var/www/html/zhihuishidai/app/Home/Controller/InfoController.class.php on line 111 and defined /var/www/html/zhihuishidai/app/Common/Extend/Page.class.php 第 99 行.
NOTIC: [2] Missing argument 6 for Common\Extend\Page::__construct(), called in /var/www/html/zhihuishidai/app/Home/Controller/InfoController.class.php on line 111 and defined /var/www/html/zhihuishidai/app/Common/Extend/Page.class.php 第 99 行.
NOTIC: [8] Undefined variable: scroll /var/www/html/zhihuishidai/app/Common/Extend/Page.class.php 第 101 行.
NOTIC: [8] Undefined variable: target /var/www/html/zhihuishidai/app/Common/Extend/Page.class.php 第 109 行.
NOTIC: [8] Undefined variable: pagesId /var/www/html/zhihuishidai/app/Common/Extend/Page.class.php 第 111 行.
SQL: SELECT `id`,`title`,`img`,`desc` FROM `zh_info` WHERE `tid` = 25 ORDER BY time desc LIMIT 0,4   [ RunTime:0.0003s ]
INFO: [ view_parse ] --START--
INFO: [ template_filter ] --START--
INFO: Run Behavior\ContentReplaceBehavior [ RunTime:0.000068s ]
INFO: [ template_filter ] --END-- [ RunTime:0.000117s ]
NOTIC: [8] Undefined variable: row /var/www/html/zhihuishidai/app/Runtime/Cache/Home/7419a84a924bdf9ca4142a5efc04e6b7.php 第 9 行.
NOTIC: [8] Undefined variable: row /var/www/html/zhihuishidai/app/Runtime/Cache/Home/7419a84a924bdf9ca4142a5efc04e6b7.php 第 10 行.
NOTIC: [8] Undefined variable: row /var/www/html/zhihuishidai/app/Runtime/Cache/Home/7419a84a924bdf9ca4142a5efc04e6b7.php 第 11 行.
NOTIC: [8] Undefined variable: headerType /var/www/html/zhihuishidai/app/Runtime/Cache/Home/7419a84a924bdf9ca4142a5efc04e6b7.php 第 29 行.
NOTIC: [8] Use of undefined constant indexindex - assumed 'indexindex' /var/www/html/zhihuishidai/app/Runtime/Cache/Home/7419a84a924bdf9ca4142a5efc04e6b7.php 第 32 行.
NOTIC: [8] Use of undefined constant infoproductserver - assumed 'infoproductserver' /var/www/html/zhihuishidai/app/Runtime/Cache/Home/7419a84a924bdf9ca4142a5efc04e6b7.php 第 33 行.
NOTIC: [8] Use of undefined constant infocompanynews - assumed 'infocompanynews' /var/www/html/zhihuishidai/app/Runtime/Cache/Home/7419a84a924bdf9ca4142a5efc04e6b7.php 第 34 行.
NOTIC: [8] Use of undefined constant infotechnologynews - assumed 'infotechnologynews' /var/www/html/zhihuishidai/app/Runtime/Cache/Home/7419a84a924bdf9ca4142a5efc04e6b7.php 第 34 行.
NOTIC: [8] Use of undefined constant infocases - assumed 'infocases' /var/www/html/zhihuishidai/app/Runtime/Cache/Home/7419a84a924bdf9ca4142a5efc04e6b7.php 第 40 行.
NOTIC: [8] Use of undefined constant infoaboutus - assumed 'infoaboutus' /var/www/html/zhihuishidai/app/Runtime/Cache/Home/7419a84a924bdf9ca4142a5efc04e6b7.php 第 42 行.
INFO: Run Behavior\ParseTemplateBehavior [ RunTime:0.010529s ]
INFO: [ view_parse ] --END-- [ RunTime:0.010571s ]
INFO: [ view_filter ] --START--
INFO: Run Behavior\WriteHtmlCacheBehavior [ RunTime:0.000130s ]
INFO: [ view_filter ] --END-- [ RunTime:0.000159s ]
INFO: [ app_end ] --START--
INFO: Run Behavior\ShowPageTraceBehavior [ RunTime:0.000383s ]
INFO: [ app_end ] --END-- [ RunTime:0.000425s ]

[ 2016-06-21T17:27:20+08:00 ] 117.11.216.147 /Home/Info/technologynews.html
INFO: [ app_init ] --START--
INFO: Run Behavior\BuildLiteBehavior [ RunTime:0.000013s ]
INFO: [ app_init ] --END-- [ RunTime:0.000287s ]
INFO: [ app_begin ] --START--
INFO: Run Behavior\ReadHtmlCacheBehavior [ RunTime:0.000338s ]
INFO: [ app_begin ] --END-- [ RunTime:0.000403s ]
SQL: SHOW COLUMNS FROM `zh_info` [ RunTime:0.0007s ]
SQL: SELECT COUNT(*) AS tp_count FROM `zh_info` WHERE `tid` = 10 LIMIT 1   [ RunTime:0.0002s ]
NOTIC: [2] Missing argument 5 for Common\Extend\Page::__construct(), called in /var/www/html/zhihuishidai/app/Home/Controller/InfoController.class.php on line 154 and defined /var/www/html/zhihuishidai/app/Common/Extend/Page.class.php 第 99 行.
NOTIC: [2] Missing argument 6 for Common\Extend\Page::__construct(), called in /var/www/html/zhihuishidai/app/Home/Controller/InfoController.class.php on line 154 and defined /var/www/html/zhihuishidai/app/Common/Extend/Page.class.php 第 99 行.
NOTIC: [8] Undefined variable: scroll /var/www/html/zhihuishidai/app/Common/Extend/Page.class.php 第 101 行.
NOTIC: [8] Undefined variable: target /var/www/html/zhihuishidai/app/Common/Extend/Page.class.php 第 109 行.
NOTIC: [8] Undefined variable: pagesId /var/www/html/zhihuishidai/app/Common/Extend/Page.class.php 第 111 行.
SQL: SELECT * FROM `zh_info` WHERE `tid` = 10 ORDER BY time desc LIMIT 0,8   [ RunTime:0.0002s ]
INFO: [ view_parse ] --START--
INFO: [ template_filter ] --START--
INFO: Run Behavior\ContentReplaceBehavior [ RunTime:0.000063s ]
INFO: [ template_filter ] --END-- [ RunTime:0.000109s ]
NOTIC: [8] Undefined variable: row /var/www/html/zhihuishidai/app/Runtime/Cache/Home/a194ebe30277464ecb6ea024ffeb798c.php 第 9 行.
NOTIC: [8] Undefined variable: row /var/www/html/zhihuishidai/app/Runtime/Cache/Home/a194ebe30277464ecb6ea024ffeb798c.php 第 10 行.
NOTIC: [8] Undefined variable: row /var/www/html/zhihuishidai/app/Runtime/Cache/Home/a194ebe30277464ecb6ea024ffeb798c.php 第 11 行.
NOTIC: [8] Undefined variable: headerType /var/www/html/zhihuishidai/app/Runtime/Cache/Home/a194ebe30277464ecb6ea024ffeb798c.php 第 29 行.
NOTIC: [8] Use of undefined constant indexindex - assumed 'indexindex' /var/www/html/zhihuishidai/app/Runtime/Cache/Home/a194ebe30277464ecb6ea024ffeb798c.php 第 32 行.
NOTIC: [8] Use of undefined constant infoproductserver - assumed 'infoproductserver' /var/www/html/zhihuishidai/app/Runtime/Cache/Home/a194ebe30277464ecb6ea024ffeb798c.php 第 33 行.
NOTIC: [8] Use of undefined constant infocompanynews - assumed 'infocompanynews' /var/www/html/zhihuishidai/app/Runtime/Cache/Home/a194ebe30277464ecb6ea024ffeb798c.php 第 34 行.
NOTIC: [8] Use of undefined constant infotechnologynews - assumed 'infotechnologynews' /var/www/html/zhihuishidai/app/Runtime/Cache/Home/a194ebe30277464ecb6ea024ffeb798c.php 第 34 行.
NOTIC: [8] Use of undefined constant infocases - assumed 'infocases' /var/www/html/zhihuishidai/app/Runtime/Cache/Home/a194ebe30277464ecb6ea024ffeb798c.php 第 40 行.
NOTIC: [8] Use of undefined constant infoaboutus - assumed 'infoaboutus' /var/www/html/zhihuishidai/app/Runtime/Cache/Home/a194ebe30277464ecb6ea024ffeb798c.php 第 42 行.
INFO: Run Behavior\ParseTemplateBehavior [ RunTime:0.012083s ]
INFO: [ view_parse ] --END-- [ RunTime:0.012137s ]
INFO: [ view_filter ] --START--
INFO: Run Behavior\WriteHtmlCacheBehavior [ RunTime:0.000152s ]
INFO: [ view_filter ] --END-- [ RunTime:0.000189s ]
INFO: [ app_end ] --START--
INFO: Run Behavior\ShowPageTraceBehavior [ RunTime:0.000461s ]
INFO: [ app_end ] --END-- [ RunTime:0.000500s ]

[ 2016-06-21T17:27:21+08:00 ] 117.11.216.147 /Home/Info/technologynews.html
INFO: [ app_init ] --START--
INFO: Run Behavior\BuildLiteBehavior [ RunTime:0.000013s ]
INFO: [ app_init ] --END-- [ RunTime:0.000279s ]
INFO: [ app_begin ] --START--
INFO: Run Behavior\ReadHtmlCacheBehavior [ RunTime:0.000323s ]
INFO: [ app_begin ] --END-- [ RunTime:0.000381s ]
SQL: SHOW COLUMNS FROM `zh_info` [ RunTime:0.0009s ]
SQL: SELECT COUNT(*) AS tp_count FROM `zh_info` WHERE `tid` = 10 LIMIT 1   [ RunTime:0.0004s ]
NOTIC: [2] Missing argument 5 for Common\Extend\Page::__construct(), called in /var/www/html/zhihuishidai/app/Home/Controller/InfoController.class.php on line 154 and defined /var/www/html/zhihuishidai/app/Common/Extend/Page.class.php 第 99 行.
NOTIC: [2] Missing argument 6 for Common\Extend\Page::__construct(), called in /var/www/html/zhihuishidai/app/Home/Controller/InfoController.class.php on line 154 and defined /var/www/html/zhihuishidai/app/Common/Extend/Page.class.php 第 99 行.
NOTIC: [8] Undefined variable: scroll /var/www/html/zhihuishidai/app/Common/Extend/Page.class.php 第 101 行.
NOTIC: [8] Undefined variable: target /var/www/html/zhihuishidai/app/Common/Extend/Page.class.php 第 109 行.
NOTIC: [8] Undefined variable: pagesId /var/www/html/zhihuishidai/app/Common/Extend/Page.class.php 第 111 行.
SQL: SELECT * FROM `zh_info` WHERE `tid` = 10 ORDER BY time desc LIMIT 0,8   [ RunTime:0.0003s ]
INFO: [ view_parse ] --START--
INFO: [ template_filter ] --START--
INFO: Run Behavior\ContentReplaceBehavior [ RunTime:0.000063s ]
INFO: [ template_filter ] --END-- [ RunTime:0.000132s ]
NOTIC: [8] Undefined variable: row /var/www/html/zhihuishidai/app/Runtime/Cache/Home/a194ebe30277464ecb6ea024ffeb798c.php 第 9 行.
NOTIC: [8] Undefined variable: row /var/www/html/zhihuishidai/app/Runtime/Cache/Home/a194ebe30277464ecb6ea024ffeb798c.php 第 10 行.
NOTIC: [8] Undefined variable: row /var/www/html/zhihuishidai/app/Runtime/Cache/Home/a194ebe30277464ecb6ea024ffeb798c.php 第 11 行.
NOTIC: [8] Undefined variable: headerType /var/www/html/zhihuishidai/app/Runtime/Cache/Home/a194ebe30277464ecb6ea024ffeb798c.php 第 29 行.
NOTIC: [8] Use of undefined constant indexindex - assumed 'indexindex' /var/www/html/zhihuishidai/app/Runtime/Cache/Home/a194ebe30277464ecb6ea024ffeb798c.php 第 32 行.
NOTIC: [8] Use of undefined constant infoproductserver - assumed 'infoproductserver' /var/www/html/zhihuishidai/app/Runtime/Cache/Home/a194ebe30277464ecb6ea024ffeb798c.php 第 33 行.
NOTIC: [8] Use of undefined constant infocompanynews - assumed 'infocompanynews' /var/www/html/zhihuishidai/app/Runtime/Cache/Home/a194ebe30277464ecb6ea024ffeb798c.php 第 34 行.
NOTIC: [8] Use of undefined constant infotechnologynews - assumed 'infotechnologynews' /var/www/html/zhihuishidai/app/Runtime/Cache/Home/a194ebe30277464ecb6ea024ffeb798c.php 第 34 行.
NOTIC: [8] Use of undefined constant infocases - assumed 'infocases' /var/www/html/zhihuishidai/app/Runtime/Cache/Home/a194ebe30277464ecb6ea024ffeb798c.php 第 40 行.
NOTIC: [8] Use of undefined constant infoaboutus - assumed 'infoaboutus' /var/www/html/zhihuishidai/app/Runtime/Cache/Home/a194ebe30277464ecb6ea024ffeb798c.php 第 42 行.
INFO: Run Behavior\ParseTemplateBehavior [ RunTime:0.010850s ]
INFO: [ view_parse ] --END-- [ RunTime:0.010895s ]
INFO: [ view_filter ] --START--
INFO: Run Behavior\WriteHtmlCacheBehavior [ RunTime:0.000134s ]
INFO: [ view_filter ] --END-- [ RunTime:0.000165s ]
INFO: [ app_end ] --START--
INFO: Run Behavior\ShowPageTraceBehavior [ RunTime:0.000383s ]
INFO: [ app_end ] --END-- [ RunTime:0.000420s ]

[ 2016-06-21T17:27:21+08:00 ] 117.11.216.147 /Home/Info/productServer.html
INFO: [ app_init ] --START--
INFO: Run Behavior\BuildLiteBehavior [ RunTime:0.000014s ]
INFO: [ app_init ] --END-- [ RunTime:0.000291s ]
INFO: [ app_begin ] --START--
INFO: Run Behavior\ReadHtmlCacheBehavior [ RunTime:0.000373s ]
INFO: [ app_begin ] --END-- [ RunTime:0.000414s ]
SQL: SHOW COLUMNS FROM `zh_info` [ RunTime:0.0008s ]
SQL: SELECT * FROM `zh_info` WHERE `tid` = 22 ORDER BY time desc LIMIT 1   [ RunTime:0.0003s ]
SQL: SELECT * FROM `zh_info` WHERE `tid` = 23 ORDER BY time desc LIMIT 1   [ RunTime:0.0002s ]
SQL: SELECT * FROM `zh_info` WHERE `tid` = 24 ORDER BY time desc LIMIT 1   [ RunTime:0.0002s ]
SQL: SHOW COLUMNS FROM `zh_focus` [ RunTime:0.0004s ]
SQL: SELECT * FROM `zh_focus` WHERE `tid` = 26 ORDER BY sort asc,id desc LIMIT 4   [ RunTime:0.0002s ]
SQL: SELECT * FROM `zh_focus` WHERE `tid` = 27 ORDER BY sort asc,id desc LIMIT 4   [ RunTime:0.0002s ]
SQL: SELECT * FROM `zh_focus` WHERE `tid` = 30 ORDER BY sort asc,id desc LIMIT 4   [ RunTime:0.0001s ]
SQL: SELECT * FROM `zh_focus` WHERE `tid` = 31 ORDER BY sort asc,id desc LIMIT 4   [ RunTime:0.0001s ]
SQL: SELECT * FROM `zh_focus` WHERE `tid` = 32 ORDER BY sort asc,id desc LIMIT 4   [ RunTime:0.0002s ]
SQL: SELECT * FROM `zh_focus` WHERE `tid` = 33 ORDER BY sort asc,id desc LIMIT 4   [ RunTime:0.0002s ]
ERR: 模板不存在:./app/Home/View/Info/productServer.html

[ 2016-06-21T17:27:22+08:00 ] 117.11.216.147 /Home/Info/productServer.html
INFO: [ app_init ] --START--
INFO: Run Behavior\BuildLiteBehavior [ RunTime:0.000013s ]
INFO: [ app_init ] --END-- [ RunTime:0.000247s ]
INFO: [ app_begin ] --START--
INFO: Run Behavior\ReadHtmlCacheBehavior [ RunTime:0.000315s ]
INFO: [ app_begin ] --END-- [ RunTime:0.000354s ]
SQL: SHOW COLUMNS FROM `zh_info` [ RunTime:0.0007s ]
SQL: SELECT * FROM `zh_info` WHERE `tid` = 22 ORDER BY time desc LIMIT 1   [ RunTime:0.0003s ]
SQL: SELECT * FROM `zh_info` WHERE `tid` = 23 ORDER BY time desc LIMIT 1   [ RunTime:0.0002s ]
SQL: SELECT * FROM `zh_info` WHERE `tid` = 24 ORDER BY time desc LIMIT 1   [ RunTime:0.0002s ]
SQL: SHOW COLUMNS FROM `zh_focus` [ RunTime:0.0005s ]
SQL: SELECT * FROM `zh_focus` WHERE `tid` = 26 ORDER BY sort asc,id desc LIMIT 4   [ RunTime:0.0002s ]
SQL: SELECT * FROM `zh_focus` WHERE `tid` = 27 ORDER BY sort asc,id desc LIMIT 4   [ RunTime:0.0002s ]
SQL: SELECT * FROM `zh_focus` WHERE `tid` = 30 ORDER BY sort asc,id desc LIMIT 4   [ RunTime:0.0001s ]
SQL: SELECT * FROM `zh_focus` WHERE `tid` = 31 ORDER BY sort asc,id desc LIMIT 4   [ RunTime:0.0001s ]
SQL: SELECT * FROM `zh_focus` WHERE `tid` = 32 ORDER BY sort asc,id desc LIMIT 4   [ RunTime:0.0002s ]
SQL: SELECT * FROM `zh_focus` WHERE `tid` = 33 ORDER BY sort asc,id desc LIMIT 4   [ RunTime:0.0002s ]
ERR: 模板不存在:./app/Home/View/Info/productServer.html

[ 2016-06-21T17:27:22+08:00 ] 117.11.216.147 /Home/Info/productServer.html
INFO: [ app_init ] --START--
INFO: Run Behavior\BuildLiteBehavior [ RunTime:0.000022s ]
INFO: [ app_init ] --END-- [ RunTime:0.000429s ]
INFO: [ app_begin ] --START--
INFO: Run Behavior\ReadHtmlCacheBehavior [ RunTime:0.000546s ]
INFO: [ app_begin ] --END-- [ RunTime:0.000608s ]
SQL: SHOW COLUMNS FROM `zh_info` [ RunTime:0.0007s ]
SQL: SELECT * FROM `zh_info` WHERE `tid` = 22 ORDER BY time desc LIMIT 1   [ RunTime:0.0003s ]
SQL: SELECT * FROM `zh_info` WHERE `tid` = 23 ORDER BY time desc LIMIT 1   [ RunTime:0.0003s ]
SQL: SELECT * FROM `zh_info` WHERE `tid` = 24 ORDER BY time desc LIMIT 1   [ RunTime:0.0003s ]
SQL: SHOW COLUMNS FROM `zh_focus` [ RunTime:0.0006s ]
SQL: SELECT * FROM `zh_focus` WHERE `tid` = 26 ORDER BY sort asc,id desc LIMIT 4   [ RunTime:0.0003s ]
SQL: SELECT * FROM `zh_focus` WHERE `tid` = 27 ORDER BY sort asc,id desc LIMIT 4   [ RunTime:0.0002s ]
SQL: SELECT * FROM `zh_focus` WHERE `tid` = 30 ORDER BY sort asc,id desc LIMIT 4   [ RunTime:0.0002s ]
SQL: SELECT * FROM `zh_focus` WHERE `tid` = 31 ORDER BY sort asc,id desc LIMIT 4   [ RunTime:0.0003s ]
SQL: SELECT * FROM `zh_focus` WHERE `tid` = 32 ORDER BY sort asc,id desc LIMIT 4   [ RunTime:0.0002s ]
SQL: SELECT * FROM `zh_focus` WHERE `tid` = 33 ORDER BY sort asc,id desc LIMIT 4   [ RunTime:0.0002s ]
ERR: 模板不存在:./app/Home/View/Info/productServer.html

[ 2016-06-21T17:27:22+08:00 ] 117.11.216.147 /Home/Info/productServer.html
INFO: [ app_init ] --START--
INFO: Run Behavior\BuildLiteBehavior [ RunTime:0.000020s ]
INFO: [ app_init ] --END-- [ RunTime:0.000402s ]
INFO: [ app_begin ] --START--
INFO: Run Behavior\ReadHtmlCacheBehavior [ RunTime:0.000520s ]
INFO: [ app_begin ] --END-- [ RunTime:0.000579s ]
SQL: SHOW COLUMNS FROM `zh_info` [ RunTime:0.0007s ]
SQL: SELECT * FROM `zh_info` WHERE `tid` = 22 ORDER BY time desc LIMIT 1   [ RunTime:0.0003s ]
SQL: SELECT * FROM `zh_info` WHERE `tid` = 23 ORDER BY time desc LIMIT 1   [ RunTime:0.0002s ]
SQL: SELECT * FROM `zh_info` WHERE `tid` = 24 ORDER BY time desc LIMIT 1   [ RunTime:0.0002s ]
SQL: SHOW COLUMNS FROM `zh_focus` [ RunTime:0.0004s ]
SQL: SELECT * FROM `zh_focus` WHERE `tid` = 26 ORDER BY sort asc,id desc LIMIT 4   [ RunTime:0.0002s ]
SQL: SELECT * FROM `zh_focus` WHERE `tid` = 27 ORDER BY sort asc,id desc LIMIT 4   [ RunTime:0.0002s ]
SQL: SELECT * FROM `zh_focus` WHERE `tid` = 30 ORDER BY sort asc,id desc LIMIT 4   [ RunTime:0.0002s ]
SQL: SELECT * FROM `zh_focus` WHERE `tid` = 31 ORDER BY sort asc,id desc LIMIT 4   [ RunTime:0.0002s ]
SQL: SELECT * FROM `zh_focus` WHERE `tid` = 32 ORDER BY sort asc,id desc LIMIT 4   [ RunTime:0.0009s ]
SQL: SELECT * FROM `zh_focus` WHERE `tid` = 33 ORDER BY sort asc,id desc LIMIT 4   [ RunTime:0.0002s ]
ERR: 模板不存在:./app/Home/View/Info/productServer.html

[ 2016-06-21T17:27:32+08:00 ] 117.11.216.147 /Home/Info/detail/id/19.html
INFO: [ app_init ] --START--
INFO: Run Behavior\BuildLiteBehavior [ RunTime:0.000019s ]
INFO: [ app_init ] --END-- [ RunTime:0.000372s ]
INFO: [ app_begin ] --START--
INFO: Run Behavior\ReadHtmlCacheBehavior [ RunTime:0.000359s ]
INFO: [ app_begin ] --END-- [ RunTime:0.000400s ]
SQL: SHOW COLUMNS FROM `zh_info` [ RunTime:0.0008s ]
SQL: SELECT * FROM `zh_info` WHERE `id` = 19 LIMIT 1   [ RunTime:0.0002s ]
SQL: SELECT * FROM `zh_info` WHERE `id` < '19' AND `tid` = 10 LIMIT 1   [ RunTime:0.0003s ]
SQL: SELECT * FROM `zh_info` WHERE `id` > '19' AND `tid` = 10 LIMIT 1   [ RunTime:0.0002s ]
INFO: [ view_parse ] --START--
INFO: [ template_filter ] --START--
INFO: Run Behavior\ContentReplaceBehavior [ RunTime:0.000086s ]
INFO: [ template_filter ] --END-- [ RunTime:0.000161s ]
NOTIC: [8] Undefined variable: headerType /var/www/html/zhihuishidai/app/Runtime/Cache/Home/b228b0a3fe6b856a8e68c7f149a392d8.php 第 29 行.
NOTIC: [8] Use of undefined constant indexindex - assumed 'indexindex' /var/www/html/zhihuishidai/app/Runtime/Cache/Home/b228b0a3fe6b856a8e68c7f149a392d8.php 第 32 行.
NOTIC: [8] Use of undefined constant infoproductserver - assumed 'infoproductserver' /var/www/html/zhihuishidai/app/Runtime/Cache/Home/b228b0a3fe6b856a8e68c7f149a392d8.php 第 33 行.
NOTIC: [8] Use of undefined constant infocompanynews - assumed 'infocompanynews' /var/www/html/zhihuishidai/app/Runtime/Cache/Home/b228b0a3fe6b856a8e68c7f149a392d8.php 第 34 行.
NOTIC: [8] Use of undefined constant infotechnologynews - assumed 'infotechnologynews' /var/www/html/zhihuishidai/app/Runtime/Cache/Home/b228b0a3fe6b856a8e68c7f149a392d8.php 第 34 行.
NOTIC: [8] Use of undefined constant infocases - assumed 'infocases' /var/www/html/zhihuishidai/app/Runtime/Cache/Home/b228b0a3fe6b856a8e68c7f149a392d8.php 第 40 行.
NOTIC: [8] Use of undefined constant infoaboutus - assumed 'infoaboutus' /var/www/html/zhihuishidai/app/Runtime/Cache/Home/b228b0a3fe6b856a8e68c7f149a392d8.php 第 42 行.
INFO: Run Behavior\ParseTemplateBehavior [ RunTime:0.011594s ]
INFO: [ view_parse ] --END-- [ RunTime:0.011631s ]
INFO: [ view_filter ] --START--
INFO: Run Behavior\WriteHtmlCacheBehavior [ RunTime:0.000141s ]
INFO: [ view_filter ] --END-- [ RunTime:0.000176s ]
INFO: [ app_end ] --START--
INFO: Run Behavior\ShowPageTraceBehavior [ RunTime:0.000478s ]
INFO: [ app_end ] --END-- [ RunTime:0.000530s ]

[ 2016-06-21T17:27:34+08:00 ] 117.11.216.147 /Home/Info/cases.html
INFO: [ app_init ] --START--
INFO: Run Behavior\BuildLiteBehavior [ RunTime:0.000013s ]
INFO: [ app_init ] --END-- [ RunTime:0.000280s ]
INFO: [ app_begin ] --START--
INFO: Run Behavior\ReadHtmlCacheBehavior [ RunTime:0.000339s ]
INFO: [ app_begin ] --END-- [ RunTime:0.000380s ]
SQL: SHOW COLUMNS FROM `zh_info` [ RunTime:0.0010s ]
SQL: SELECT COUNT(*) AS tp_count FROM `zh_info` WHERE `tid` = 25 LIMIT 1   [ RunTime:0.0003s ]
NOTIC: [2] Missing argument 5 for Common\Extend\Page::__construct(), called in /var/www/html/zhihuishidai/app/Home/Controller/InfoController.class.php on line 111 and defined /var/www/html/zhihuishidai/app/Common/Extend/Page.class.php 第 99 行.
NOTIC: [2] Missing argument 6 for Common\Extend\Page::__construct(), called in /var/www/html/zhihuishidai/app/Home/Controller/InfoController.class.php on line 111 and defined /var/www/html/zhihuishidai/app/Common/Extend/Page.class.php 第 99 行.
NOTIC: [8] Undefined variable: scroll /var/www/html/zhihuishidai/app/Common/Extend/Page.class.php 第 101 行.
NOTIC: [8] Undefined variable: target /var/www/html/zhihuishidai/app/Common/Extend/Page.class.php 第 109 行.
NOTIC: [8] Undefined variable: pagesId /var/www/html/zhihuishidai/app/Common/Extend/Page.class.php 第 111 行.
SQL: SELECT `id`,`title`,`img`,`desc` FROM `zh_info` WHERE `tid` = 25 ORDER BY time desc LIMIT 0,4   [ RunTime:0.0003s ]
INFO: [ view_parse ] --START--
INFO: [ template_filter ] --START--
INFO: Run Behavior\ContentReplaceBehavior [ RunTime:0.000065s ]
INFO: [ template_filter ] --END-- [ RunTime:0.000122s ]
NOTIC: [8] Undefined variable: row /var/www/html/zhihuishidai/app/Runtime/Cache/Home/7419a84a924bdf9ca4142a5efc04e6b7.php 第 9 行.
NOTIC: [8] Undefined variable: row /var/www/html/zhihuishidai/app/Runtime/Cache/Home/7419a84a924bdf9ca4142a5efc04e6b7.php 第 10 行.
NOTIC: [8] Undefined variable: row /var/www/html/zhihuishidai/app/Runtime/Cache/Home/7419a84a924bdf9ca4142a5efc04e6b7.php 第 11 行.
NOTIC: [8] Undefined variable: headerType /var/www/html/zhihuishidai/app/Runtime/Cache/Home/7419a84a924bdf9ca4142a5efc04e6b7.php 第 29 行.
NOTIC: [8] Use of undefined constant indexindex - assumed 'indexindex' /var/www/html/zhihuishidai/app/Runtime/Cache/Home/7419a84a924bdf9ca4142a5efc04e6b7.php 第 32 行.
NOTIC: [8] Use of undefined constant infoproductserver - assumed 'infoproductserver' /var/www/html/zhihuishidai/app/Runtime/Cache/Home/7419a84a924bdf9ca4142a5efc04e6b7.php 第 33 行.
NOTIC: [8] Use of undefined constant infocompanynews - assumed 'infocompanynews' /var/www/html/zhihuishidai/app/Runtime/Cache/Home/7419a84a924bdf9ca4142a5efc04e6b7.php 第 34 行.
NOTIC: [8] Use of undefined constant infotechnologynews - assumed 'infotechnologynews' /var/www/html/zhihuishidai/app/Runtime/Cache/Home/7419a84a924bdf9ca4142a5efc04e6b7.php 第 34 行.
NOTIC: [8] Use of undefined constant infocases - assumed 'infocases' /var/www/html/zhihuishidai/app/Runtime/Cache/Home/7419a84a924bdf9ca4142a5efc04e6b7.php 第 40 行.
NOTIC: [8] Use of undefined constant infoaboutus - assumed 'infoaboutus' /var/www/html/zhihuishidai/app/Runtime/Cache/Home/7419a84a924bdf9ca4142a5efc04e6b7.php 第 42 行.
INFO: Run Behavior\ParseTemplateBehavior [ RunTime:0.011453s ]
INFO: [ view_parse ] --END-- [ RunTime:0.011497s ]
INFO: [ view_filter ] --START--
INFO: Run Behavior\WriteHtmlCacheBehavior [ RunTime:0.000136s ]
INFO: [ view_filter ] --END-- [ RunTime:0.000177s ]
INFO: [ app_end ] --START--
INFO: Run Behavior\ShowPageTraceBehavior [ RunTime:0.000392s ]
INFO: [ app_end ] --END-- [ RunTime:0.000444s ]

[ 2016-06-21T17:27:37+08:00 ] 117.11.216.147 /Home/Info/companynews.html
INFO: [ app_init ] --START--
INFO: Run Behavior\BuildLiteBehavior [ RunTime:0.000014s ]
INFO: [ app_init ] --END-- [ RunTime:0.000252s ]
INFO: [ app_begin ] --START--
INFO: Run Behavior\ReadHtmlCacheBehavior [ RunTime:0.000331s ]
INFO: [ app_begin ] --END-- [ RunTime:0.000370s ]
SQL: SHOW COLUMNS FROM `zh_info` [ RunTime:0.0006s ]
SQL: SELECT COUNT(*) AS tp_count FROM `zh_info` WHERE `tid` = 9 LIMIT 1   [ RunTime:0.0003s ]
NOTIC: [2] Missing argument 5 for Common\Extend\Page::__construct(), called in /var/www/html/zhihuishidai/app/Home/Controller/InfoController.class.php on line 141 and defined /var/www/html/zhihuishidai/app/Common/Extend/Page.class.php 第 99 行.
NOTIC: [2] Missing argument 6 for Common\Extend\Page::__construct(), called in /var/www/html/zhihuishidai/app/Home/Controller/InfoController.class.php on line 141 and defined /var/www/html/zhihuishidai/app/Common/Extend/Page.class.php 第 99 行.
NOTIC: [8] Undefined variable: scroll /var/www/html/zhihuishidai/app/Common/Extend/Page.class.php 第 101 行.
NOTIC: [8] Undefined variable: target /var/www/html/zhihuishidai/app/Common/Extend/Page.class.php 第 109 行.
NOTIC: [8] Undefined variable: pagesId /var/www/html/zhihuishidai/app/Common/Extend/Page.class.php 第 111 行.
SQL: SELECT * FROM `zh_info` WHERE `tid` = 9 ORDER BY time desc LIMIT 0,8   [ RunTime:0.0002s ]
INFO: [ view_parse ] --START--
INFO: [ template_filter ] --START--
INFO: Run Behavior\ContentReplaceBehavior [ RunTime:0.000064s ]
INFO: [ template_filter ] --END-- [ RunTime:0.000111s ]
NOTIC: [8] Undefined variable: row /var/www/html/zhihuishidai/app/Runtime/Cache/Home/1eb17b3e11284ff5e7824c1b0b622de0.php 第 9 行.
NOTIC: [8] Undefined variable: row /var/www/html/zhihuishidai/app/Runtime/Cache/Home/1eb17b3e11284ff5e7824c1b0b622de0.php 第 10 行.
NOTIC: [8] Undefined variable: row /var/www/html/zhihuishidai/app/Runtime/Cache/Home/1eb17b3e11284ff5e7824c1b0b622de0.php 第 11 行.
NOTIC: [8] Undefined variable: headerType /var/www/html/zhihuishidai/app/Runtime/Cache/Home/1eb17b3e11284ff5e7824c1b0b622de0.php 第 29 行.
NOTIC: [8] Use of undefined constant indexindex - assumed 'indexindex' /var/www/html/zhihuishidai/app/Runtime/Cache/Home/1eb17b3e11284ff5e7824c1b0b622de0.php 第 32 行.
NOTIC: [8] Use of undefined constant infoproductserver - assumed 'infoproductserver' /var/www/html/zhihuishidai/app/Runtime/Cache/Home/1eb17b3e11284ff5e7824c1b0b622de0.php 第 33 行.
NOTIC: [8] Use of undefined constant infocompanynews - assumed 'infocompanynews' /var/www/html/zhihuishidai/app/Runtime/Cache/Home/1eb17b3e11284ff5e7824c1b0b622de0.php 第 34 行.
NOTIC: [8] Use of undefined constant infocases - assumed 'infocases' /var/www/html/zhihuishidai/app/Runtime/Cache/Home/1eb17b3e11284ff5e7824c1b0b622de0.php 第 40 行.
NOTIC: [8] Use of undefined constant infoaboutus - assumed 'infoaboutus' /var/www/html/zhihuishidai/app/Runtime/Cache/Home/1eb17b3e11284ff5e7824c1b0b622de0.php 第 42 行.
INFO: Run Behavior\ParseTemplateBehavior [ RunTime:0.009568s ]
INFO: [ view_parse ] --END-- [ RunTime:0.009605s ]
INFO: [ view_filter ] --START--
INFO: Run Behavior\WriteHtmlCacheBehavior [ RunTime:0.000113s ]
INFO: [ view_filter ] --END-- [ RunTime:0.000142s ]
INFO: [ app_end ] --START--
INFO: Run Behavior\ShowPageTraceBehavior [ RunTime:0.000374s ]
INFO: [ app_end ] --END-- [ RunTime:0.000410s ]

[ 2016-06-21T17:27:37+08:00 ] 117.11.216.147 /Home/Info/companynews.html
INFO: [ app_init ] --START--
INFO: Run Behavior\BuildLiteBehavior [ RunTime:0.000018s ]
INFO: [ app_init ] --END-- [ RunTime:0.000274s ]
INFO: [ app_begin ] --START--
INFO: Run Behavior\ReadHtmlCacheBehavior [ RunTime:0.000362s ]
INFO: [ app_begin ] --END-- [ RunTime:0.000410s ]
SQL: SHOW COLUMNS FROM `zh_info` [ RunTime:0.0007s ]
SQL: SELECT COUNT(*) AS tp_count FROM `zh_info` WHERE `tid` = 9 LIMIT 1   [ RunTime:0.0003s ]
NOTIC: [2] Missing argument 5 for Common\Extend\Page::__construct(), called in /var/www/html/zhihuishidai/app/Home/Controller/InfoController.class.php on line 141 and defined /var/www/html/zhihuishidai/app/Common/Extend/Page.class.php 第 99 行.
NOTIC: [2] Missing argument 6 for Common\Extend\Page::__construct(), called in /var/www/html/zhihuishidai/app/Home/Controller/InfoController.class.php on line 141 and defined /var/www/html/zhihuishidai/app/Common/Extend/Page.class.php 第 99 行.
NOTIC: [8] Undefined variable: scroll /var/www/html/zhihuishidai/app/Common/Extend/Page.class.php 第 101 行.
NOTIC: [8] Undefined variable: target /var/www/html/zhihuishidai/app/Common/Extend/Page.class.php 第 109 行.
NOTIC: [8] Undefined variable: pagesId /var/www/html/zhihuishidai/app/Common/Extend/Page.class.php 第 111 行.
SQL: SELECT * FROM `zh_info` WHERE `tid` = 9 ORDER BY time desc LIMIT 0,8   [ RunTime:0.0002s ]
INFO: [ view_parse ] --START--
INFO: [ template_filter ] --START--
INFO: Run Behavior\ContentReplaceBehavior [ RunTime:0.000068s ]
INFO: [ template_filter ] --END-- [ RunTime:0.000116s ]
NOTIC: [8] Undefined variable: row /var/www/html/zhihuishidai/app/Runtime/Cache/Home/1eb17b3e11284ff5e7824c1b0b622de0.php 第 9 行.
NOTIC: [8] Undefined variable: row /var/www/html/zhihuishidai/app/Runtime/Cache/Home/1eb17b3e11284ff5e7824c1b0b622de0.php 第 10 行.
NOTIC: [8] Undefined variable: row /var/www/html/zhihuishidai/app/Runtime/Cache/Home/1eb17b3e11284ff5e7824c1b0b622de0.php 第 11 行.
NOTIC: [8] Undefined variable: headerType /var/www/html/zhihuishidai/app/Runtime/Cache/Home/1eb17b3e11284ff5e7824c1b0b622de0.php 第 29 行.
NOTIC: [8] Use of undefined constant indexindex - assumed 'indexindex' /var/www/html/zhihuishidai/app/Runtime/Cache/Home/1eb17b3e11284ff5e7824c1b0b622de0.php 第 32 行.
NOTIC: [8] Use of undefined constant infoproductserver - assumed 'infoproductserver' /var/www/html/zhihuishidai/app/Runtime/Cache/Home/1eb17b3e11284ff5e7824c1b0b622de0.php 第 33 行.
NOTIC: [8] Use of undefined constant infocompanynews - assumed 'infocompanynews' /var/www/html/zhihuishidai/app/Runtime/Cache/Home/1eb17b3e11284ff5e7824c1b0b622de0.php 第 34 行.
NOTIC: [8] Use of undefined constant infocases - assumed 'infocases' /var/www/html/zhihuishidai/app/Runtime/Cache/Home/1eb17b3e11284ff5e7824c1b0b622de0.php 第 40 行.
NOTIC: [8] Use of undefined constant infoaboutus - assumed 'infoaboutus' /var/www/html/zhihuishidai/app/Runtime/Cache/Home/1eb17b3e11284ff5e7824c1b0b622de0.php 第 42 行.
INFO: Run Behavior\ParseTemplateBehavior [ RunTime:0.011019s ]
INFO: [ view_parse ] --END-- [ RunTime:0.011058s ]
INFO: [ view_filter ] --START--
INFO: Run Behavior\WriteHtmlCacheBehavior [ RunTime:0.000120s ]
INFO: [ view_filter ] --END-- [ RunTime:0.000148s ]
INFO: [ app_end ] --START--
INFO: Run Behavior\ShowPageTraceBehavior [ RunTime:0.000374s ]
INFO: [ app_end ] --END-- [ RunTime:0.000420s ]

[ 2016-06-21T17:27:39+08:00 ] 117.11.216.147 /Home/Info/technologynews.html
INFO: [ app_init ] --START--
INFO: Run Behavior\BuildLiteBehavior [ RunTime:0.000012s ]
INFO: [ app_init ] --END-- [ RunTime:0.000251s ]
INFO: [ app_begin ] --START--
INFO: Run Behavior\ReadHtmlCacheBehavior [ RunTime:0.000426s ]
INFO: [ app_begin ] --END-- [ RunTime:0.000470s ]
SQL: SHOW COLUMNS FROM `zh_info` [ RunTime:0.0008s ]
SQL: SELECT COUNT(*) AS tp_count FROM `zh_info` WHERE `tid` = 10 LIMIT 1   [ RunTime:0.0003s ]
NOTIC: [2] Missing argument 5 for Common\Extend\Page::__construct(), called in /var/www/html/zhihuishidai/app/Home/Controller/InfoController.class.php on line 154 and defined /var/www/html/zhihuishidai/app/Common/Extend/Page.class.php 第 99 行.
NOTIC: [2] Missing argument 6 for Common\Extend\Page::__construct(), called in /var/www/html/zhihuishidai/app/Home/Controller/InfoController.class.php on line 154 and defined /var/www/html/zhihuishidai/app/Common/Extend/Page.class.php 第 99 行.
NOTIC: [8] Undefined variable: scroll /var/www/html/zhihuishidai/app/Common/Extend/Page.class.php 第 101 行.
NOTIC: [8] Undefined variable: target /var/www/html/zhihuishidai/app/Common/Extend/Page.class.php 第 109 行.
NOTIC: [8] Undefined variable: pagesId /var/www/html/zhihuishidai/app/Common/Extend/Page.class.php 第 111 行.
SQL: SELECT * FROM `zh_info` WHERE `tid` = 10 ORDER BY time desc LIMIT 0,8   [ RunTime:0.0003s ]
INFO: [ view_parse ] --START--
INFO: [ template_filter ] --START--
INFO: Run Behavior\ContentReplaceBehavior [ RunTime:0.000064s ]
INFO: [ template_filter ] --END-- [ RunTime:0.000107s ]
NOTIC: [8] Undefined variable: row /var/www/html/zhihuishidai/app/Runtime/Cache/Home/a194ebe30277464ecb6ea024ffeb798c.php 第 9 行.
NOTIC: [8] Undefined variable: row /var/www/html/zhihuishidai/app/Runtime/Cache/Home/a194ebe30277464ecb6ea024ffeb798c.php 第 10 行.
NOTIC: [8] Undefined variable: row /var/www/html/zhihuishidai/app/Runtime/Cache/Home/a194ebe30277464ecb6ea024ffeb798c.php 第 11 行.
NOTIC: [8] Undefined variable: headerType /var/www/html/zhihuishidai/app/Runtime/Cache/Home/a194ebe30277464ecb6ea024ffeb798c.php 第 29 行.
NOTIC: [8] Use of undefined constant indexindex - assumed 'indexindex' /var/www/html/zhihuishidai/app/Runtime/Cache/Home/a194ebe30277464ecb6ea024ffeb798c.php 第 32 行.
NOTIC: [8] Use of undefined constant infoproductserver - assumed 'infoproductserver' /var/www/html/zhihuishidai/app/Runtime/Cache/Home/a194ebe30277464ecb6ea024ffeb798c.php 第 33 行.
NOTIC: [8] Use of undefined constant infocompanynews - assumed 'infocompanynews' /var/www/html/zhihuishidai/app/Runtime/Cache/Home/a194ebe30277464ecb6ea024ffeb798c.php 第 34 行.
NOTIC: [8] Use of undefined constant infotechnologynews - assumed 'infotechnologynews' /var/www/html/zhihuishidai/app/Runtime/Cache/Home/a194ebe30277464ecb6ea024ffeb798c.php 第 34 行.
NOTIC: [8] Use of undefined constant infocases - assumed 'infocases' /var/www/html/zhihuishidai/app/Runtime/Cache/Home/a194ebe30277464ecb6ea024ffeb798c.php 第 40 行.
NOTIC: [8] Use of undefined constant infoaboutus - assumed 'infoaboutus' /var/www/html/zhihuishidai/app/Runtime/Cache/Home/a194ebe30277464ecb6ea024ffeb798c.php 第 42 行.
INFO: Run Behavior\ParseTemplateBehavior [ RunTime:0.011516s ]
INFO: [ view_parse ] --END-- [ RunTime:0.011577s ]
INFO: [ view_filter ] --START--
INFO: Run Behavior\WriteHtmlCacheBehavior [ RunTime:0.000145s ]
INFO: [ view_filter ] --END-- [ RunTime:0.000185s ]
INFO: [ app_end ] --START--
INFO: Run Behavior\ShowPageTraceBehavior [ RunTime:0.000390s ]
INFO: [ app_end ] --END-- [ RunTime:0.000440s ]

[ 2016-06-21T17:27:40+08:00 ] 117.11.216.147 /Home/Info/aboutUs.html/
INFO: [ app_init ] --START--
INFO: Run Behavior\BuildLiteBehavior [ RunTime:0.000013s ]
INFO: [ app_init ] --END-- [ RunTime:0.000266s ]
INFO: [ app_begin ] --START--
INFO: Run Behavior\ReadHtmlCacheBehavior [ RunTime:0.000469s ]
INFO: [ app_begin ] --END-- [ RunTime:0.000521s ]
SQL: SHOW COLUMNS FROM `zh_info` [ RunTime:0.0007s ]
SQL: SELECT * FROM `zh_info` WHERE `tid` = 14 ORDER BY time desc LIMIT 1   [ RunTime:0.0003s ]
SQL: SELECT * FROM `zh_info` WHERE `tid` = 15 ORDER BY time desc LIMIT 1   [ RunTime:0.0002s ]
SQL: SELECT * FROM `zh_info` WHERE `tid` = 16 ORDER BY time desc LIMIT 1   [ RunTime:0.0002s ]
SQL: SELECT * FROM `zh_info` WHERE `tid` = 17 ORDER BY time desc LIMIT 1   [ RunTime:0.0002s ]
SQL: SELECT * FROM `zh_info` WHERE `tid` = 18 ORDER BY sort asc  [ RunTime:0.0003s ]
SQL: SELECT * FROM `zh_info` WHERE `tid` = 19 ORDER BY sort asc  [ RunTime:0.0003s ]
SQL: SELECT * FROM `zh_info` WHERE `tid` = 20 ORDER BY time desc LIMIT 1   [ RunTime:0.0002s ]
ERR: 模板不存在:./app/Home/View/Info/aboutUs.html

[ 2016-06-21T17:27:48+08:00 ] 117.11.216.147 /Home/Info/aboutUs.html/
INFO: [ app_init ] --START--
INFO: Run Behavior\BuildLiteBehavior [ RunTime:0.000019s ]
INFO: [ app_init ] --END-- [ RunTime:0.000281s ]
INFO: [ app_begin ] --START--
INFO: Run Behavior\ReadHtmlCacheBehavior [ RunTime:0.000378s ]
INFO: [ app_begin ] --END-- [ RunTime:0.000424s ]
SQL: SHOW COLUMNS FROM `zh_info` [ RunTime:0.0020s ]
SQL: SELECT * FROM `zh_info` WHERE `tid` = 14 ORDER BY time desc LIMIT 1   [ RunTime:0.0003s ]
SQL: SELECT * FROM `zh_info` WHERE `tid` = 15 ORDER BY time desc LIMIT 1   [ RunTime:0.0003s ]
SQL: SELECT * FROM `zh_info` WHERE `tid` = 16 ORDER BY time desc LIMIT 1   [ RunTime:0.0009s ]
SQL: SELECT * FROM `zh_info` WHERE `tid` = 17 ORDER BY time desc LIMIT 1   [ RunTime:0.0005s ]
SQL: SELECT * FROM `zh_info` WHERE `tid` = 18 ORDER BY sort asc  [ RunTime:0.0009s ]
SQL: SELECT * FROM `zh_info` WHERE `tid` = 19 ORDER BY sort asc  [ RunTime:0.0004s ]
SQL: SELECT * FROM `zh_info` WHERE `tid` = 20 ORDER BY time desc LIMIT 1   [ RunTime:0.0003s ]
ERR: 模板不存在:./app/Home/View/Info/aboutUs.html

[ 2016-06-21T17:28:20+08:00 ] 117.11.216.147 /home/info/productserver.html
INFO: [ app_init ] --START--
INFO: Run Behavior\BuildLiteBehavior [ RunTime:0.000013s ]
INFO: [ app_init ] --END-- [ RunTime:0.000286s ]
INFO: [ app_begin ] --START--
INFO: Run Behavior\ReadHtmlCacheBehavior [ RunTime:0.000434s ]
INFO: [ app_begin ] --END-- [ RunTime:0.000475s ]
SQL: SHOW COLUMNS FROM `zh_info` [ RunTime:0.0007s ]
SQL: SELECT * FROM `zh_info` WHERE `tid` = 22 ORDER BY time desc LIMIT 1   [ RunTime:0.0002s ]
SQL: SELECT * FROM `zh_info` WHERE `tid` = 23 ORDER BY time desc LIMIT 1   [ RunTime:0.0002s ]
SQL: SELECT * FROM `zh_info` WHERE `tid` = 24 ORDER BY time desc LIMIT 1   [ RunTime:0.0003s ]
SQL: SHOW COLUMNS FROM `zh_focus` [ RunTime:0.0004s ]
SQL: SELECT * FROM `zh_focus` WHERE `tid` = 26 ORDER BY sort asc,id desc LIMIT 4   [ RunTime:0.0002s ]
SQL: SELECT * FROM `zh_focus` WHERE `tid` = 27 ORDER BY sort asc,id desc LIMIT 4   [ RunTime:0.0001s ]
SQL: SELECT * FROM `zh_focus` WHERE `tid` = 30 ORDER BY sort asc,id desc LIMIT 4   [ RunTime:0.0001s ]
SQL: SELECT * FROM `zh_focus` WHERE `tid` = 31 ORDER BY sort asc,id desc LIMIT 4   [ RunTime:0.0001s ]
SQL: SELECT * FROM `zh_focus` WHERE `tid` = 32 ORDER BY sort asc,id desc LIMIT 4   [ RunTime:0.0001s ]
SQL: SELECT * FROM `zh_focus` WHERE `tid` = 33 ORDER BY sort asc,id desc LIMIT 4   [ RunTime:0.0001s ]
INFO: [ view_parse ] --START--
INFO: [ template_filter ] --START--
INFO: Run Behavior\ContentReplaceBehavior [ RunTime:0.000118s ]
INFO: [ template_filter ] --END-- [ RunTime:0.000164s ]
NOTIC: [8] Undefined variable: row /var/www/html/zhihuishidai/app/Runtime/Cache/Home/b7e154a2486453acf5ea26807ba4094f.php 第 9 行.
NOTIC: [8] Undefined variable: row /var/www/html/zhihuishidai/app/Runtime/Cache/Home/b7e154a2486453acf5ea26807ba4094f.php 第 10 行.
NOTIC: [8] Undefined variable: row /var/www/html/zhihuishidai/app/Runtime/Cache/Home/b7e154a2486453acf5ea26807ba4094f.php 第 11 行.
NOTIC: [8] Undefined variable: headerType /var/www/html/zhihuishidai/app/Runtime/Cache/Home/b7e154a2486453acf5ea26807ba4094f.php 第 29 行.
NOTIC: [8] Use of undefined constant indexindex - assumed 'indexindex' /var/www/html/zhihuishidai/app/Runtime/Cache/Home/b7e154a2486453acf5ea26807ba4094f.php 第 32 行.
NOTIC: [8] Use of undefined constant infoproductserver - assumed 'infoproductserver' /var/www/html/zhihuishidai/app/Runtime/Cache/Home/b7e154a2486453acf5ea26807ba4094f.php 第 33 行.
NOTIC: [8] Use of undefined constant infocompanynews - assumed 'infocompanynews' /var/www/html/zhihuishidai/app/Runtime/Cache/Home/b7e154a2486453acf5ea26807ba4094f.php 第 34 行.
NOTIC: [8] Use of undefined constant infotechnologynews - assumed 'infotechnologynews' /var/www/html/zhihuishidai/app/Runtime/Cache/Home/b7e154a2486453acf5ea26807ba4094f.php 第 34 行.
NOTIC: [8] Use of undefined constant infocases - assumed 'infocases' /var/www/html/zhihuishidai/app/Runtime/Cache/Home/b7e154a2486453acf5ea26807ba4094f.php 第 40 行.
NOTIC: [8] Use of undefined constant infoaboutus - assumed 'infoaboutus' /var/www/html/zhihuishidai/app/Runtime/Cache/Home/b7e154a2486453acf5ea26807ba4094f.php 第 42 行.
INFO: Run Behavior\ParseTemplateBehavior [ RunTime:0.014978s ]
INFO: [ view_parse ] --END-- [ RunTime:0.015016s ]
INFO: [ view_filter ] --START--
INFO: Run Behavior\WriteHtmlCacheBehavior [ RunTime:0.000140s ]
INFO: [ view_filter ] --END-- [ RunTime:0.000174s ]
INFO: [ app_end ] --START--
INFO: Run Behavior\ShowPageTraceBehavior [ RunTime:0.000432s ]
INFO: [ app_end ] --END-- [ RunTime:0.000477s ]

[ 2016-06-21T17:28:21+08:00 ] 117.11.216.147 /Home/Index/index.html
INFO: [ app_init ] --START--
INFO: Run Behavior\BuildLiteBehavior [ RunTime:0.000013s ]
INFO: [ app_init ] --END-- [ RunTime:0.000243s ]
INFO: [ app_begin ] --START--
INFO: Run Behavior\ReadHtmlCacheBehavior [ RunTime:0.000336s ]
INFO: [ app_begin ] --END-- [ RunTime:0.000375s ]
SQL: SHOW COLUMNS FROM `zh_info` [ RunTime:0.0007s ]
SQL: SHOW COLUMNS FROM `zh_focus` [ RunTime:0.0004s ]
SQL: SELECT * FROM `zh_focus` WHERE `tid` = 5 ORDER BY sort desc LIMIT 5   [ RunTime:0.0004s ]
SQL: SELECT * FROM `zh_info` WHERE `tid` = 12 ORDER BY sort asc,time desc LIMIT 3   [ RunTime:0.0004s ]
SQL: SELECT * FROM `zh_info` WHERE `tid` = 13 ORDER BY sort asc,time desc LIMIT 4   [ RunTime:0.0004s ]
SQL: SELECT * FROM `zh_info` WHERE `tid` = 18 ORDER BY sort asc LIMIT 12   [ RunTime:0.0002s ]
INFO: [ view_parse ] --START--
INFO: [ template_filter ] --START--
INFO: Run Behavior\ContentReplaceBehavior [ RunTime:0.000088s ]
INFO: [ template_filter ] --END-- [ RunTime:0.000148s ]
NOTIC: [8] Undefined variable: row /var/www/html/zhihuishidai/app/Runtime/Cache/Home/2bc71d220ff77e6b12bf354b9e8a67ea.php 第 9 行.
NOTIC: [8] Undefined variable: row /var/www/html/zhihuishidai/app/Runtime/Cache/Home/2bc71d220ff77e6b12bf354b9e8a67ea.php 第 10 行.
NOTIC: [8] Undefined variable: row /var/www/html/zhihuishidai/app/Runtime/Cache/Home/2bc71d220ff77e6b12bf354b9e8a67ea.php 第 11 行.
NOTIC: [8] Undefined variable: headerType /var/www/html/zhihuishidai/app/Runtime/Cache/Home/2bc71d220ff77e6b12bf354b9e8a67ea.php 第 29 行.
NOTIC: [8] Use of undefined constant indexindex - assumed 'indexindex' /var/www/html/zhihuishidai/app/Runtime/Cache/Home/2bc71d220ff77e6b12bf354b9e8a67ea.php 第 32 行.
NOTIC: [8] Use of undefined constant infoproductserver - assumed 'infoproductserver' /var/www/html/zhihuishidai/app/Runtime/Cache/Home/2bc71d220ff77e6b12bf354b9e8a67ea.php 第 33 行.
NOTIC: [8] Use of undefined constant infocompanynews - assumed 'infocompanynews' /var/www/html/zhihuishidai/app/Runtime/Cache/Home/2bc71d220ff77e6b12bf354b9e8a67ea.php 第 34 行.
NOTIC: [8] Use of undefined constant infotechnologynews - assumed 'infotechnologynews' /var/www/html/zhihuishidai/app/Runtime/Cache/Home/2bc71d220ff77e6b12bf354b9e8a67ea.php 第 34 行.
NOTIC: [8] Use of undefined constant infocases - assumed 'infocases' /var/www/html/zhihuishidai/app/Runtime/Cache/Home/2bc71d220ff77e6b12bf354b9e8a67ea.php 第 40 行.
NOTIC: [8] Use of undefined constant infoaboutus - assumed 'infoaboutus' /var/www/html/zhihuishidai/app/Runtime/Cache/Home/2bc71d220ff77e6b12bf354b9e8a67ea.php 第 42 行.
INFO: Run Behavior\ParseTemplateBehavior [ RunTime:0.016428s ]
INFO: [ view_parse ] --END-- [ RunTime:0.016483s ]
INFO: [ view_filter ] --START--
INFO: Run Behavior\WriteHtmlCacheBehavior [ RunTime:0.000195s ]
INFO: [ view_filter ] --END-- [ RunTime:0.000242s ]
INFO: [ app_end ] --START--
INFO: Run Behavior\ShowPageTraceBehavior [ RunTime:0.000597s ]
INFO: [ app_end ] --END-- [ RunTime:0.000663s ]

[ 2016-06-21T17:28:21+08:00 ] 117.11.216.147 /Home/Index/index.html
INFO: [ app_init ] --START--
INFO: Run Behavior\BuildLiteBehavior [ RunTime:0.000021s ]
INFO: [ app_init ] --END-- [ RunTime:0.000354s ]
INFO: [ app_begin ] --START--
INFO: Run Behavior\ReadHtmlCacheBehavior [ RunTime:0.000534s ]
INFO: [ app_begin ] --END-- [ RunTime:0.000594s ]
SQL: SHOW COLUMNS FROM `zh_info` [ RunTime:0.0009s ]
SQL: SHOW COLUMNS FROM `zh_focus` [ RunTime:0.0004s ]
SQL: SELECT * FROM `zh_focus` WHERE `tid` = 5 ORDER BY sort desc LIMIT 5   [ RunTime:0.0003s ]
SQL: SELECT * FROM `zh_info` WHERE `tid` = 12 ORDER BY sort asc,time desc LIMIT 3   [ RunTime:0.0002s ]
SQL: SELECT * FROM `zh_info` WHERE `tid` = 13 ORDER BY sort asc,time desc LIMIT 4   [ RunTime:0.0004s ]
SQL: SELECT * FROM `zh_info` WHERE `tid` = 18 ORDER BY sort asc LIMIT 12   [ RunTime:0.0003s ]
INFO: [ view_parse ] --START--
INFO: [ template_filter ] --START--
INFO: Run Behavior\ContentReplaceBehavior [ RunTime:0.000085s ]
INFO: [ template_filter ] --END-- [ RunTime:0.000133s ]
NOTIC: [8] Undefined variable: row /var/www/html/zhihuishidai/app/Runtime/Cache/Home/2bc71d220ff77e6b12bf354b9e8a67ea.php 第 9 行.
NOTIC: [8] Undefined variable: row /var/www/html/zhihuishidai/app/Runtime/Cache/Home/2bc71d220ff77e6b12bf354b9e8a67ea.php 第 10 行.
NOTIC: [8] Undefined variable: row /var/www/html/zhihuishidai/app/Runtime/Cache/Home/2bc71d220ff77e6b12bf354b9e8a67ea.php 第 11 行.
NOTIC: [8] Undefined variable: headerType /var/www/html/zhihuishidai/app/Runtime/Cache/Home/2bc71d220ff77e6b12bf354b9e8a67ea.php 第 29 行.
NOTIC: [8] Use of undefined constant indexindex - assumed 'indexindex' /var/www/html/zhihuishidai/app/Runtime/Cache/Home/2bc71d220ff77e6b12bf354b9e8a67ea.php 第 32 行.
NOTIC: [8] Use of undefined constant infoproductserver - assumed 'infoproductserver' /var/www/html/zhihuishidai/app/Runtime/Cache/Home/2bc71d220ff77e6b12bf354b9e8a67ea.php 第 33 行.
NOTIC: [8] Use of undefined constant infocompanynews - assumed 'infocompanynews' /var/www/html/zhihuishidai/app/Runtime/Cache/Home/2bc71d220ff77e6b12bf354b9e8a67ea.php 第 34 行.
NOTIC: [8] Use of undefined constant infotechnologynews - assumed 'infotechnologynews' /var/www/html/zhihuishidai/app/Runtime/Cache/Home/2bc71d220ff77e6b12bf354b9e8a67ea.php 第 34 行.
NOTIC: [8] Use of undefined constant infocases - assumed 'infocases' /var/www/html/zhihuishidai/app/Runtime/Cache/Home/2bc71d220ff77e6b12bf354b9e8a67ea.php 第 40 行.
NOTIC: [8] Use of undefined constant infoaboutus - assumed 'infoaboutus' /var/www/html/zhihuishidai/app/Runtime/Cache/Home/2bc71d220ff77e6b12bf354b9e8a67ea.php 第 42 行.
INFO: Run Behavior\ParseTemplateBehavior [ RunTime:0.015113s ]
INFO: [ view_parse ] --END-- [ RunTime:0.015160s ]
INFO: [ view_filter ] --START--
INFO: Run Behavior\WriteHtmlCacheBehavior [ RunTime:0.000135s ]
INFO: [ view_filter ] --END-- [ RunTime:0.000170s ]
INFO: [ app_end ] --START--
INFO: Run Behavior\ShowPageTraceBehavior [ RunTime:0.000405s ]
INFO: [ app_end ] --END-- [ RunTime:0.000453s ]

[ 2016-06-21T17:28:22+08:00 ] 117.11.216.147 /Home/Info/productServer.html
INFO: [ app_init ] --START--
INFO: Run Behavior\BuildLiteBehavior [ RunTime:0.000014s ]
INFO: [ app_init ] --END-- [ RunTime:0.000266s ]
INFO: [ app_begin ] --START--
INFO: Run Behavior\ReadHtmlCacheBehavior [ RunTime:0.000498s ]
INFO: [ app_begin ] --END-- [ RunTime:0.000546s ]
SQL: SHOW COLUMNS FROM `zh_info` [ RunTime:0.0007s ]
SQL: SELECT * FROM `zh_info` WHERE `tid` = 22 ORDER BY time desc LIMIT 1   [ RunTime:0.0003s ]
SQL: SELECT * FROM `zh_info` WHERE `tid` = 23 ORDER BY time desc LIMIT 1   [ RunTime:0.0003s ]
SQL: SELECT * FROM `zh_info` WHERE `tid` = 24 ORDER BY time desc LIMIT 1   [ RunTime:0.0002s ]
SQL: SHOW COLUMNS FROM `zh_focus` [ RunTime:0.0004s ]
SQL: SELECT * FROM `zh_focus` WHERE `tid` = 26 ORDER BY sort asc,id desc LIMIT 4   [ RunTime:0.0002s ]
SQL: SELECT * FROM `zh_focus` WHERE `tid` = 27 ORDER BY sort asc,id desc LIMIT 4   [ RunTime:0.0002s ]
SQL: SELECT * FROM `zh_focus` WHERE `tid` = 30 ORDER BY sort asc,id desc LIMIT 4   [ RunTime:0.0001s ]
SQL: SELECT * FROM `zh_focus` WHERE `tid` = 31 ORDER BY sort asc,id desc LIMIT 4   [ RunTime:0.0002s ]
SQL: SELECT * FROM `zh_focus` WHERE `tid` = 32 ORDER BY sort asc,id desc LIMIT 4   [ RunTime:0.0001s ]
SQL: SELECT * FROM `zh_focus` WHERE `tid` = 33 ORDER BY sort asc,id desc LIMIT 4   [ RunTime:0.0002s ]
ERR: 模板不存在:./app/Home/View/Info/productServer.html

[ 2016-06-21T17:28:22+08:00 ] 117.11.216.147 /Home/Info/productServer.html
INFO: [ app_init ] --START--
INFO: Run Behavior\BuildLiteBehavior [ RunTime:0.000020s ]
INFO: [ app_init ] --END-- [ RunTime:0.000379s ]
INFO: [ app_begin ] --START--
INFO: Run Behavior\ReadHtmlCacheBehavior [ RunTime:0.000527s ]
INFO: [ app_begin ] --END-- [ RunTime:0.000586s ]
SQL: SHOW COLUMNS FROM `zh_info` [ RunTime:0.0007s ]
SQL: SELECT * FROM `zh_info` WHERE `tid` = 22 ORDER BY time desc LIMIT 1   [ RunTime:0.0003s ]
SQL: SELECT * FROM `zh_info` WHERE `tid` = 23 ORDER BY time desc LIMIT 1   [ RunTime:0.0002s ]
SQL: SELECT * FROM `zh_info` WHERE `tid` = 24 ORDER BY time desc LIMIT 1   [ RunTime:0.0002s ]
SQL: SHOW COLUMNS FROM `zh_focus` [ RunTime:0.0006s ]
SQL: SELECT * FROM `zh_focus` WHERE `tid` = 26 ORDER BY sort asc,id desc LIMIT 4   [ RunTime:0.0003s ]
SQL: SELECT * FROM `zh_focus` WHERE `tid` = 27 ORDER BY sort asc,id desc LIMIT 4   [ RunTime:0.0002s ]
SQL: SELECT * FROM `zh_focus` WHERE `tid` = 30 ORDER BY sort asc,id desc LIMIT 4   [ RunTime:0.0002s ]
SQL: SELECT * FROM `zh_focus` WHERE `tid` = 31 ORDER BY sort asc,id desc LIMIT 4   [ RunTime:0.0002s ]
SQL: SELECT * FROM `zh_focus` WHERE `tid` = 32 ORDER BY sort asc,id desc LIMIT 4   [ RunTime:0.0002s ]
SQL: SELECT * FROM `zh_focus` WHERE `tid` = 33 ORDER BY sort asc,id desc LIMIT 4   [ RunTime:0.0002s ]
ERR: 模板不存在:./app/Home/View/Info/productServer.html

[ 2016-06-21T17:28:23+08:00 ] 117.11.216.147 /Home/Info/productServer.html
INFO: [ app_init ] --START--
INFO: Run Behavior\BuildLiteBehavior [ RunTime:0.000013s ]
INFO: [ app_init ] --END-- [ RunTime:0.000252s ]
INFO: [ app_begin ] --START--
INFO: Run Behavior\ReadHtmlCacheBehavior [ RunTime:0.000345s ]
INFO: [ app_begin ] --END-- [ RunTime:0.000386s ]
SQL: SHOW COLUMNS FROM `zh_info` [ RunTime:0.0007s ]
SQL: SELECT * FROM `zh_info` WHERE `tid` = 22 ORDER BY time desc LIMIT 1   [ RunTime:0.0003s ]
SQL: SELECT * FROM `zh_info` WHERE `tid` = 23 ORDER BY time desc LIMIT 1   [ RunTime:0.0002s ]
SQL: SELECT * FROM `zh_info` WHERE `tid` = 24 ORDER BY time desc LIMIT 1   [ RunTime:0.0002s ]
SQL: SHOW COLUMNS FROM `zh_focus` [ RunTime:0.0004s ]
SQL: SELECT * FROM `zh_focus` WHERE `tid` = 26 ORDER BY sort asc,id desc LIMIT 4   [ RunTime:0.0002s ]
SQL: SELECT * FROM `zh_focus` WHERE `tid` = 27 ORDER BY sort asc,id desc LIMIT 4   [ RunTime:0.0002s ]
SQL: SELECT * FROM `zh_focus` WHERE `tid` = 30 ORDER BY sort asc,id desc LIMIT 4   [ RunTime:0.0002s ]
SQL: SELECT * FROM `zh_focus` WHERE `tid` = 31 ORDER BY sort asc,id desc LIMIT 4   [ RunTime:0.0002s ]
SQL: SELECT * FROM `zh_focus` WHERE `tid` = 32 ORDER BY sort asc,id desc LIMIT 4   [ RunTime:0.0002s ]
SQL: SELECT * FROM `zh_focus` WHERE `tid` = 33 ORDER BY sort asc,id desc LIMIT 4   [ RunTime:0.0002s ]
ERR: 模板不存在:./app/Home/View/Info/productServer.html

[ 2016-06-21T17:28:23+08:00 ] 117.11.216.147 /Home/Info/productServer.html
INFO: [ app_init ] --START--
INFO: Run Behavior\BuildLiteBehavior [ RunTime:0.000021s ]
INFO: [ app_init ] --END-- [ RunTime:0.000408s ]
INFO: [ app_begin ] --START--
INFO: Run Behavior\ReadHtmlCacheBehavior [ RunTime:0.000524s ]
INFO: [ app_begin ] --END-- [ RunTime:0.000581s ]
SQL: SHOW COLUMNS FROM `zh_info` [ RunTime:0.0008s ]
SQL: SELECT * FROM `zh_info` WHERE `tid` = 22 ORDER BY time desc LIMIT 1   [ RunTime:0.0003s ]
SQL: SELECT * FROM `zh_info` WHERE `tid` = 23 ORDER BY time desc LIMIT 1   [ RunTime:0.0002s ]
SQL: SELECT * FROM `zh_info` WHERE `tid` = 24 ORDER BY time desc LIMIT 1   [ RunTime:0.0002s ]
SQL: SHOW COLUMNS FROM `zh_focus` [ RunTime:0.0005s ]
SQL: SELECT * FROM `zh_focus` WHERE `tid` = 26 ORDER BY sort asc,id desc LIMIT 4   [ RunTime:0.0003s ]
SQL: SELECT * FROM `zh_focus` WHERE `tid` = 27 ORDER BY sort asc,id desc LIMIT 4   [ RunTime:0.0002s ]
SQL: SELECT * FROM `zh_focus` WHERE `tid` = 30 ORDER BY sort asc,id desc LIMIT 4   [ RunTime:0.0002s ]
SQL: SELECT * FROM `zh_focus` WHERE `tid` = 31 ORDER BY sort asc,id desc LIMIT 4   [ RunTime:0.0002s ]
SQL: SELECT * FROM `zh_focus` WHERE `tid` = 32 ORDER BY sort asc,id desc LIMIT 4   [ RunTime:0.0002s ]
SQL: SELECT * FROM `zh_focus` WHERE `tid` = 33 ORDER BY sort asc,id desc LIMIT 4   [ RunTime:0.0003s ]
ERR: 模板不存在:./app/Home/View/Info/productServer.html

[ 2016-06-21T17:28:23+08:00 ] 117.11.216.147 /Home/Info/productServer.html
INFO: [ app_init ] --START--
INFO: Run Behavior\BuildLiteBehavior [ RunTime:0.000021s ]
INFO: [ app_init ] --END-- [ RunTime:0.000388s ]
INFO: [ app_begin ] --START--
INFO: Run Behavior\ReadHtmlCacheBehavior [ RunTime:0.000599s ]
INFO: [ app_begin ] --END-- [ RunTime:0.000652s ]
SQL: SHOW COLUMNS FROM `zh_info` [ RunTime:0.0009s ]
SQL: SELECT * FROM `zh_info` WHERE `tid` = 22 ORDER BY time desc LIMIT 1   [ RunTime:0.0009s ]
SQL: SELECT * FROM `zh_info` WHERE `tid` = 23 ORDER BY time desc LIMIT 1   [ RunTime:0.0002s ]
SQL: SELECT * FROM `zh_info` WHERE `tid` = 24 ORDER BY time desc LIMIT 1   [ RunTime:0.0018s ]
SQL: SHOW COLUMNS FROM `zh_focus` [ RunTime:0.0005s ]
SQL: SELECT * FROM `zh_focus` WHERE `tid` = 26 ORDER BY sort asc,id desc LIMIT 4   [ RunTime:0.0002s ]
SQL: SELECT * FROM `zh_focus` WHERE `tid` = 27 ORDER BY sort asc,id desc LIMIT 4   [ RunTime:0.0001s ]
SQL: SELECT * FROM `zh_focus` WHERE `tid` = 30 ORDER BY sort asc,id desc LIMIT 4   [ RunTime:0.0001s ]
SQL: SELECT * FROM `zh_focus` WHERE `tid` = 31 ORDER BY sort asc,id desc LIMIT 4   [ RunTime:0.0001s ]
SQL: SELECT * FROM `zh_focus` WHERE `tid` = 32 ORDER BY sort asc,id desc LIMIT 4   [ RunTime:0.0001s ]
SQL: SELECT * FROM `zh_focus` WHERE `tid` = 33 ORDER BY sort asc,id desc LIMIT 4   [ RunTime:0.0001s ]
ERR: 模板不存在:./app/Home/View/Info/productServer.html

[ 2016-06-21T17:28:23+08:00 ] 117.11.216.147 /Home/Info/productServer.html
INFO: [ app_init ] --START--
INFO: Run Behavior\BuildLiteBehavior [ RunTime:0.000020s ]
INFO: [ app_init ] --END-- [ RunTime:0.000413s ]
INFO: [ app_begin ] --START--
INFO: Run Behavior\ReadHtmlCacheBehavior [ RunTime:0.000518s ]
INFO: [ app_begin ] --END-- [ RunTime:0.000590s ]
SQL: SHOW COLUMNS FROM `zh_info` [ RunTime:0.0007s ]
SQL: SELECT * FROM `zh_info` WHERE `tid` = 22 ORDER BY time desc LIMIT 1   [ RunTime:0.0003s ]
SQL: SELECT * FROM `zh_info` WHERE `tid` = 23 ORDER BY time desc LIMIT 1   [ RunTime:0.0002s ]
SQL: SELECT * FROM `zh_info` WHERE `tid` = 24 ORDER BY time desc LIMIT 1   [ RunTime:0.0002s ]
SQL: SHOW COLUMNS FROM `zh_focus` [ RunTime:0.0004s ]
SQL: SELECT * FROM `zh_focus` WHERE `tid` = 26 ORDER BY sort asc,id desc LIMIT 4   [ RunTime:0.0002s ]
SQL: SELECT * FROM `zh_focus` WHERE `tid` = 27 ORDER BY sort asc,id desc LIMIT 4   [ RunTime:0.0002s ]
SQL: SELECT * FROM `zh_focus` WHERE `tid` = 30 ORDER BY sort asc,id desc LIMIT 4   [ RunTime:0.0002s ]
SQL: SELECT * FROM `zh_focus` WHERE `tid` = 31 ORDER BY sort asc,id desc LIMIT 4   [ RunTime:0.0002s ]
SQL: SELECT * FROM `zh_focus` WHERE `tid` = 32 ORDER BY sort asc,id desc LIMIT 4   [ RunTime:0.0002s ]
SQL: SELECT * FROM `zh_focus` WHERE `tid` = 33 ORDER BY sort asc,id desc LIMIT 4   [ RunTime:0.0002s ]
ERR: 模板不存在:./app/Home/View/Info/productServer.html

[ 2016-06-21T17:28:25+08:00 ] 117.11.216.147 /Home/Index/index.html
INFO: [ app_init ] --START--
INFO: Run Behavior\BuildLiteBehavior [ RunTime:0.000012s ]
INFO: [ app_init ] --END-- [ RunTime:0.000249s ]
INFO: [ app_begin ] --START--
INFO: Run Behavior\ReadHtmlCacheBehavior [ RunTime:0.000340s ]
INFO: [ app_begin ] --END-- [ RunTime:0.000380s ]
SQL: SHOW COLUMNS FROM `zh_info` [ RunTime:0.0007s ]
SQL: SHOW COLUMNS FROM `zh_focus` [ RunTime:0.0005s ]
SQL: SELECT * FROM `zh_focus` WHERE `tid` = 5 ORDER BY sort desc LIMIT 5   [ RunTime:0.0004s ]
SQL: SELECT * FROM `zh_info` WHERE `tid` = 12 ORDER BY sort asc,time desc LIMIT 3   [ RunTime:0.0003s ]
SQL: SELECT * FROM `zh_info` WHERE `tid` = 13 ORDER BY sort asc,time desc LIMIT 4   [ RunTime:0.0003s ]
SQL: SELECT * FROM `zh_info` WHERE `tid` = 18 ORDER BY sort asc LIMIT 12   [ RunTime:0.0002s ]
INFO: [ view_parse ] --START--
INFO: [ template_filter ] --START--
INFO: Run Behavior\ContentReplaceBehavior [ RunTime:0.000075s ]
INFO: [ template_filter ] --END-- [ RunTime:0.000122s ]
NOTIC: [8] Undefined variable: row /var/www/html/zhihuishidai/app/Runtime/Cache/Home/2bc71d220ff77e6b12bf354b9e8a67ea.php 第 9 行.
NOTIC: [8] Undefined variable: row /var/www/html/zhihuishidai/app/Runtime/Cache/Home/2bc71d220ff77e6b12bf354b9e8a67ea.php 第 10 行.
NOTIC: [8] Undefined variable: row /var/www/html/zhihuishidai/app/Runtime/Cache/Home/2bc71d220ff77e6b12bf354b9e8a67ea.php 第 11 行.
NOTIC: [8] Undefined variable: headerType /var/www/html/zhihuishidai/app/Runtime/Cache/Home/2bc71d220ff77e6b12bf354b9e8a67ea.php 第 29 行.
NOTIC: [8] Use of undefined constant indexindex - assumed 'indexindex' /var/www/html/zhihuishidai/app/Runtime/Cache/Home/2bc71d220ff77e6b12bf354b9e8a67ea.php 第 32 行.
NOTIC: [8] Use of undefined constant infoproductserver - assumed 'infoproductserver' /var/www/html/zhihuishidai/app/Runtime/Cache/Home/2bc71d220ff77e6b12bf354b9e8a67ea.php 第 33 行.
NOTIC: [8] Use of undefined constant infocompanynews - assumed 'infocompanynews' /var/www/html/zhihuishidai/app/Runtime/Cache/Home/2bc71d220ff77e6b12bf354b9e8a67ea.php 第 34 行.
NOTIC: [8] Use of undefined constant infotechnologynews - assumed 'infotechnologynews' /var/www/html/zhihuishidai/app/Runtime/Cache/Home/2bc71d220ff77e6b12bf354b9e8a67ea.php 第 34 行.
NOTIC: [8] Use of undefined constant infocases - assumed 'infocases' /var/www/html/zhihuishidai/app/Runtime/Cache/Home/2bc71d220ff77e6b12bf354b9e8a67ea.php 第 40 行.
NOTIC: [8] Use of undefined constant infoaboutus - assumed 'infoaboutus' /var/www/html/zhihuishidai/app/Runtime/Cache/Home/2bc71d220ff77e6b12bf354b9e8a67ea.php 第 42 行.
INFO: Run Behavior\ParseTemplateBehavior [ RunTime:0.015656s ]
INFO: [ view_parse ] --END-- [ RunTime:0.015697s ]
INFO: [ view_filter ] --START--
INFO: Run Behavior\WriteHtmlCacheBehavior [ RunTime:0.000123s ]
INFO: [ view_filter ] --END-- [ RunTime:0.000151s ]
INFO: [ app_end ] --START--
INFO: Run Behavior\ShowPageTraceBehavior [ RunTime:0.000368s ]
INFO: [ app_end ] --END-- [ RunTime:0.000408s ]

