[ 2017-01-17T09:12:41+08:00 ] ::1 /zhihuiweb/Public/home/images/favicon.ico
INFO: [ app_init ] --START--
INFO: Run Behavior\BuildLiteBehavior [ RunTime:0.000000s ]
INFO: [ app_init ] --END-- [ RunTime:0.000000s ]
ERR: 无法加载模块:Public

[ 2017-01-17T09:28:38+08:00 ] ::1 /zhihuiweb/images/img_8.png
INFO: [ app_init ] --START--
INFO: Run Behavior\BuildLiteBehavior [ RunTime:0.000000s ]
INFO: [ app_init ] --END-- [ RunTime:0.000000s ]
ERR: 无法加载模块:Images

[ 2017-01-17T09:28:38+08:00 ] ::1 /zhihuiweb/images/img_4.png
INFO: [ app_init ] --START--
INFO: Run Behavior\BuildLiteBehavior [ RunTime:0.000000s ]
INFO: [ app_init ] --END-- [ RunTime:0.000000s ]
ERR: 无法加载模块:Images

[ 2017-01-17T09:53:57+08:00 ] ::1 /zhihuiweb/images/img_19.png
INFO: [ app_init ] --START--
INFO: Run Behavior\BuildLiteBehavior [ RunTime:0.000000s ]
INFO: [ app_init ] --END-- [ RunTime:0.000000s ]
ERR: 无法加载模块:Images

[ 2017-01-17T09:54:04+08:00 ] ::1 /zhihuiweb/Solutions1.html
INFO: [ app_init ] --START--
INFO: Run Behavior\BuildLiteBehavior [ RunTime:0.000000s ]
INFO: [ app_init ] --END-- [ RunTime:0.001000s ]
ERR: 无法加载模块:Solutions1

[ 2017-01-17T09:54:15+08:00 ] ::1 /zhihuiweb/images/img_19.png
INFO: [ app_init ] --START--
INFO: Run Behavior\BuildLiteBehavior [ RunTime:0.000000s ]
INFO: [ app_init ] --END-- [ RunTime:0.001000s ]
ERR: 无法加载模块:Images

[ 2017-01-17T09:55:31+08:00 ] ::1 /zhihuiweb/Solutions1.html
INFO: [ app_init ] --START--
INFO: Run Behavior\BuildLiteBehavior [ RunTime:0.000000s ]
INFO: [ app_init ] --END-- [ RunTime:0.001000s ]
ERR: 无法加载模块:Solutions1

[ 2017-01-17T10:13:27+08:00 ] ::1 /zhihuiweb/Public/home/images/favicon.ico
INFO: [ app_init ] --START--
INFO: Run Behavior\BuildLiteBehavior [ RunTime:0.000000s ]
INFO: [ app_init ] --END-- [ RunTime:0.001000s ]
ERR: 无法加载模块:Public

[ 2017-01-17T15:55:54+08:00 ] ::1 /zhihuiweb/Uploads/info/1484533118/148453313698338_400x400.jpg
INFO: [ app_init ] --START--
INFO: Run Behavior\BuildLiteBehavior [ RunTime:0.000000s ]
INFO: [ app_init ] --END-- [ RunTime:0.000000s ]
ERR: 无法加载模块:Uploads

[ 2017-01-17T15:55:54+08:00 ] ::1 /zhihuiweb/Uploads/info/1479196553/147919656575049_600x410.jpg
INFO: [ app_init ] --START--
INFO: Run Behavior\BuildLiteBehavior [ RunTime:0.000000s ]
INFO: [ app_init ] --END-- [ RunTime:0.001000s ]
ERR: 无法加载模块:Uploads

[ 2017-01-17T15:55:54+08:00 ] ::1 /zhihuiweb/Uploads/info/1479194029/147919406252024_500x300.jpg
INFO: [ app_init ] --START--
INFO: Run Behavior\BuildLiteBehavior [ RunTime:0.000000s ]
INFO: [ app_init ] --END-- [ RunTime:0.000000s ]
ERR: 无法加载模块:Uploads

[ 2017-01-17T15:55:54+08:00 ] ::1 /zhihuiweb/Uploads/info/1479196662/147919672857136_473x473.jpg
INFO: [ app_init ] --START--
INFO: Run Behavior\BuildLiteBehavior [ RunTime:0.000000s ]
INFO: [ app_init ] --END-- [ RunTime:0.001000s ]
ERR: 无法加载模块:Uploads

[ 2017-01-17T15:55:54+08:00 ] ::1 /zhihuiweb/Uploads/info/1479196387/147919641055457_1000x300.jpg
INFO: [ app_init ] --START--
INFO: Run Behavior\BuildLiteBehavior [ RunTime:0.000000s ]
INFO: [ app_init ] --END-- [ RunTime:0.001000s ]
ERR: 无法加载模块:Uploads

[ 2017-01-17T15:55:54+08:00 ] ::1 /zhihuiweb/Uploads/info/1479193980/147919401790460_1920x1080.jpg
INFO: [ app_init ] --START--
INFO: Run Behavior\BuildLiteBehavior [ RunTime:0.000000s ]
INFO: [ app_init ] --END-- [ RunTime:0.001000s ]
ERR: 无法加载模块:Uploads

[ 2017-01-17T15:55:54+08:00 ] ::1 /zhihuiweb/Uploads/info/1479193879/147919389799642_940.0000000000001x672.0000000000001.png
INFO: [ app_init ] --START--
INFO: Run Behavior\BuildLiteBehavior [ RunTime:0.000000s ]
INFO: [ app_init ] --END-- [ RunTime:0.000000s ]
ERR: 无法加载模块:Uploads

[ 2017-01-17T15:55:54+08:00 ] ::1 /zhihuiweb/Uploads/info/1479193909/147919392034834_720x423.jpg
INFO: [ app_init ] --START--
INFO: Run Behavior\BuildLiteBehavior [ RunTime:0.000000s ]
INFO: [ app_init ] --END-- [ RunTime:0.048002s ]
ERR: 无法加载模块:Uploads

[ 2017-01-17T15:55:54+08:00 ] ::1 /zhihuiweb/Uploads/info/1479193093/147919381511255_1518x842.png
INFO: [ app_init ] --START--
INFO: Run Behavior\BuildLiteBehavior [ RunTime:0.000000s ]
INFO: [ app_init ] --END-- [ RunTime:0.001000s ]
ERR: 无法加载模块:Uploads

[ 2017-01-17T15:55:54+08:00 ] ::1 /zhihuiweb/Uploads/info/1468302952/146830302026600_907.2x593.8036363636364.jpg
INFO: [ app_init ] --START--
INFO: Run Behavior\BuildLiteBehavior [ RunTime:0.000000s ]
INFO: [ app_init ] --END-- [ RunTime:0.023001s ]
ERR: 无法加载模块:Uploads

[ 2017-01-17T15:55:54+08:00 ] ::1 /zhihuiweb/Uploads/info/1479197141/147919719336959_291x291.png
INFO: [ app_init ] --START--
INFO: Run Behavior\BuildLiteBehavior [ RunTime:0.000000s ]
INFO: [ app_init ] --END-- [ RunTime:0.001000s ]
ERR: 无法加载模块:Uploads

